2019/04/01 22:11:54 [17716] building file list
2019/04/01 22:11:54 [17716] .d..t...... profile.d/
2019/04/01 22:11:54 [17716] >fcst...... profile.d/aliases.sh
2019/04/01 22:11:54 [17716] sent 838 bytes  received 39 bytes  1,754.00 bytes/sec
2019/04/01 22:11:54 [17716] total size is 85,569  speedup is 97.57
2019/04/01 22:47:31 [25076] building file list
2019/04/01 22:47:31 [25076] sent 472 bytes  received 13 bytes  970.00 bytes/sec
2019/04/01 22:47:31 [25076] total size is 85,569  speedup is 176.43
2019/04/01 22:55:12 [25284] building file list
2019/04/01 22:55:12 [25284] .d..t...... profile.d/
2019/04/01 22:55:12 [25284] >fcst...... profile.d/aliases.sh
2019/04/01 22:55:12 [25284] sent 872 bytes  received 39 bytes  1,822.00 bytes/sec
2019/04/01 22:55:12 [25284] total size is 85,684  speedup is 94.05
2019/04/01 23:01:55 [7692] building file list
2019/04/01 23:01:55 [7692] .d..t...... profile.d/
2019/04/01 23:01:55 [7692] >fcst...... profile.d/aliases.sh
2019/04/01 23:01:55 [7692] sent 899 bytes  received 39 bytes  1,876.00 bytes/sec
2019/04/01 23:01:55 [7692] total size is 85,803  speedup is 91.47
2019/04/01 23:08:36 [25252] building file list
2019/04/01 23:08:36 [25252] .d..t...... profile.d/
2019/04/01 23:08:36 [25252] >fcst...... profile.d/aliases.sh
2019/04/01 23:08:36 [25252] sent 909 bytes  received 39 bytes  1,896.00 bytes/sec
2019/04/01 23:08:36 [25252] total size is 85,837  speedup is 90.55
2019/04/01 23:10:01 [24128] building file list
2019/04/01 23:10:01 [24128] sent 471 bytes  received 13 bytes  968.00 bytes/sec
2019/04/01 23:10:01 [24128] total size is 85,837  speedup is 177.35
2019/04/02 00:35:59 [23544] building file list
2019/04/02 00:35:59 [23544] .d..t...... profile.d/
2019/04/02 00:35:59 [23544] >fcst...... profile.d/aliases.sh
2019/04/02 00:35:59 [23544] sent 912 bytes  received 39 bytes  1,902.00 bytes/sec
2019/04/02 00:35:59 [23544] total size is 85,861  speedup is 90.28
