++/c/Users/zeruel11/dotfiles/cmder_config pull to /c/cmder/config/
2019/04/02 15:00:34 [4548] building file list
2019/04/02 15:00:34 [4548] .d..t...... ./
2019/04/02 15:00:34 [4548] .f          settings
2019/04/02 15:00:35 [4548] >fcst...... user-ConEmu.xml
2019/04/02 15:00:35 [4548] >fcst...... user_aliases.cmd
2019/04/02 15:00:35 [4548] >fcst...... user_profile.cmd
2019/04/02 15:00:35 [4548] >fcst...... user_profile.ps1
2019/04/02 15:00:35 [4548] >fcstp..... user_profile.sh
2019/04/02 15:00:35 [4548] .d..t...... profile.d/
2019/04/02 15:00:35 [4548] >fcst...... profile.d/aliases.ps1
2019/04/02 15:00:35 [4548] >fcst...... profile.d/aliases.sh
2019/04/02 15:00:35 [4548] .f          profile.d/paths.ps1
2019/04/02 15:00:35 [4548] sent 15,605 bytes  received 170 bytes  10,516.67 bytes/sec
2019/04/02 15:00:35 [4548] total size is 85,920  speedup is 5.45
++/c/cmder/config/ push to /c/Users/zeruel11/dotfiles/cmder_config
2019/04/02 16:25:49 [3192] building file list
2019/04/02 16:25:49 [3192] .d..t...... ./
2019/04/02 16:25:49 [3192] .f          settings
2019/04/02 16:25:49 [3192] .f          user-ConEmu.xml
2019/04/02 16:25:49 [3192] .f          user_aliases.cmd
2019/04/02 16:25:49 [3192] .f          user_profile.cmd
2019/04/02 16:25:49 [3192] .f          user_profile.ps1
2019/04/02 16:25:49 [3192] >fcst...... user_profile.sh
2019/04/02 16:25:49 [3192] .d..t...... profile.d/
2019/04/02 16:25:49 [3192] .f          profile.d/aliases.ps1
2019/04/02 16:25:49 [3192] .f          profile.d/aliases.sh
2019/04/02 16:25:49 [3192] .f          profile.d/paths.ps1
2019/04/02 16:25:49 [3192] sent 1,881 bytes  received 70 bytes  3,902.00 bytes/sec
2019/04/02 16:25:49 [3192] total size is 86,209  speedup is 44.19
2019/04/02 20:54:50 [10584] building file list
2019/04/02 20:54:50 [10584] .d          ./
2019/04/02 20:54:50 [10584] .f          settings
2019/04/02 20:54:50 [10584] .f          user-ConEmu.xml
2019/04/02 20:54:50 [10584] .f          user_aliases.cmd
2019/04/02 20:54:50 [10584] .f          user_profile.cmd
2019/04/02 20:54:50 [10584] .f          user_profile.ps1
2019/04/02 20:54:50 [10584] .f          user_profile.sh
2019/04/02 20:54:50 [10584] .d..t...... profile.d/
2019/04/02 20:54:50 [10584] .f          profile.d/aliases.ps1
2019/04/02 20:54:50 [10584] >fcst...... profile.d/aliases.sh
2019/04/02 20:54:50 [10584] .f          profile.d/paths.ps1
2019/04/02 20:54:50 [10584] sent 967 bytes  received 70 bytes  2,074.00 bytes/sec
2019/04/02 20:54:50 [10584] total size is 86,271  speedup is 83.19
2019/05/30 16:42:56 [750] building file list
2019/05/30 16:42:56 [750] .d..t...... ./
2019/05/30 16:42:56 [750] .f          settings
2019/05/30 16:42:56 [750] >fcst...... user-ConEmu.xml
2019/05/30 16:42:56 [750] .f          user_aliases.cmd
2019/05/30 16:42:56 [750] .f          user_profile.cmd
2019/05/30 16:42:56 [750] >fcst...... user_profile.ps1
2019/05/30 16:42:56 [750] >fcst...... user_profile.sh
2019/05/30 16:42:56 [750] .d          profile.d/
2019/05/30 16:42:56 [750] .f          profile.d/aliases.ps1
2019/05/30 16:42:56 [750] .f          profile.d/aliases.sh
2019/05/30 16:42:56 [750] .f          profile.d/paths.ps1
2019/05/30 16:42:56 [750] sent 12,656 bytes  received 102 bytes  25,516.00 bytes/sec
2019/05/30 16:42:56 [750] total size is 85,293  speedup is 6.69
