2019/04/03 18:38:48 [23480] building file list
2019/04/03 18:38:48 [23480] .d..t...... ./
2019/04/03 18:38:48 [23480] >f+++++++++ [PCX]kosan_0117{1100}.bin
2019/04/03 18:38:49 [23480] >f+++++++++ [PCX]kosan_0122{0959}.bin
2019/04/03 18:38:49 [23480] >f+++++++++ [PCX]kosan_0207{1000}.bin
2019/04/03 18:38:49 [23480] >f+++++++++ [PCX]kosan_0227{1645}.bin
2019/04/03 18:38:49 [23480] >f+++++++++ [PCX]kosan_0304{1451}.bin
2019/04/03 18:38:49 [23480] >f+++++++++ [PCX]kosan_0308{1414}.bin
2019/04/03 18:38:49 [23480] >f+++++++++ [PCX]kosan_0312{1225}.bin
2019/04/03 18:38:49 [23480] >f+++++++++ [PCX]kosan_0316{0222}.bin
2019/04/03 18:38:49 [23480] >f+++++++++ [PCX]kosan_0323{1014}.bin
2019/04/03 18:38:49 [23480] >f+++++++++ [PCX]kosan_0327{1030}.bin
2019/04/03 18:38:49 [23480] >f+++++++++ [PCX]kosan_0329{0314}.bin
2019/04/03 18:38:50 [23480] >f+++++++++ [PCX]kosan_0402{1222}.bin
2019/04/03 18:38:50 [23480] >f+++++++++ [PCX]kosan_0405{1123}.bin
2019/04/03 18:38:50 [23480] >f+++++++++ [PCX]kosan_0408{0807}.bin
2019/04/03 18:38:50 [23480] >f+++++++++ [PCX]kosan_0410{1422}.bin
2019/04/03 18:38:50 [23480] >f+++++++++ [PCX]kosan_0410{2300}.bin
2019/04/03 18:38:50 [23480] >f+++++++++ [PCX]kosan_0419{1151}.bin
2019/04/03 18:38:50 [23480] >f+++++++++ [PCX]kosan_0424{1332}.bin
2019/04/03 18:38:50 [23480] >f+++++++++ [PCX]kosan_0502{1207}.bin
2019/04/03 18:38:50 [23480] >f+++++++++ [PCX]kosan_0506{1108}.bin
2019/04/03 18:38:51 [23480] >f+++++++++ [PCX]kosan_0508{1108}.bin
2019/04/03 18:38:51 [23480] >f+++++++++ [PCX]kosan_0511{13173}.bin
2019/04/03 18:38:51 [23480] >f+++++++++ [PCX]kosan_0518{1657}.bin
2019/04/03 18:38:51 [23480] >f+++++++++ [PCX]kosan_0529{1249}.bin
2019/04/03 18:38:51 [23480] >f+++++++++ [PCX]kosan_0610{0617}.bin
2019/04/03 18:38:51 [23480] >f+++++++++ [PCX]kosan_0621{1140}.bin
2019/04/03 18:38:51 [23480] >f+++++++++ [PCX]kosan_0626{1200}.bin
2019/04/03 18:38:51 [23480] >f+++++++++ [PCX]kosan_0809{1217}.bin
2019/04/03 18:38:51 [23480] >f+++++++++ [PCX]kosan_1018{1846}.bin
2019/04/03 18:38:52 [23480] >f+++++++++ [PCX]kosan_1020{0955}.bin
2019/04/03 18:38:52 [23480] >f+++++++++ [PCX]kosan_1021{1127}.bin
2019/04/03 18:38:52 [23480] >f+++++++++ [PCX]kosan_1023{1049}.bin
2019/04/03 18:38:52 [23480] >f+++++++++ [PCX]kosan_1024{0920}.bin
2019/04/03 18:38:53 [23480] >f+++++++++ [PCX]kosan_1025{1150}.bin
2019/04/03 18:38:53 [23480] >f+++++++++ [PCX]kosan_1030{1215}.bin
2019/04/03 18:38:53 [23480] >f+++++++++ [PCX]kosan_1105{1111}.bin
2019/04/03 18:38:53 [23480] >f+++++++++ [PCX]kosan_1106{1115}.bin
2019/04/03 18:38:53 [23480] >f+++++++++ [PCX]kosan_1109{2110}.bin
2019/04/03 18:38:53 [23480] >f+++++++++ [PCX]kosan_1113{1238}.bin
2019/04/03 18:38:53 [23480] >f+++++++++ [PCX]kosan_1115{0118}.bin
2019/04/03 18:38:53 [23480] >f+++++++++ [PCX]kosan_1115{1635}.bin
2019/04/03 18:38:53 [23480] >f+++++++++ [PCX]kosan_1117{1402}.bin
2019/04/03 18:38:53 [23480] >f+++++++++ [PCX]kosan_1120{1148}.bin
2019/04/03 18:38:54 [23480] >f+++++++++ [PCX]kosan_1122{1104}.bin
2019/04/03 18:38:54 [23480] >f+++++++++ [PCX]kosan_1123{1053}.bin
2019/04/03 18:38:54 [23480] >f+++++++++ [PCX]kosan_1125{1242}.bin
2019/04/03 18:38:54 [23480] >f+++++++++ [PCX]kosan_1128{1259}.bin
2019/04/03 18:38:54 [23480] >f+++++++++ [PCX]kosan_1203{0409}.bin
2019/04/03 18:38:54 [23480] >f+++++++++ [PCX]kosan_1204{0233}.bin
2019/04/03 18:38:54 [23480] >f+++++++++ [PCX]kosan_1205{1127}.bin
2019/04/03 18:38:54 [23480] >f+++++++++ [PCX]kosan_1207{2129}.bin
2019/04/03 18:38:55 [23480] >f+++++++++ [PCX]kosan_1208{2146}.bin
2019/04/03 18:38:55 [23480] >f+++++++++ [PCX]kosan_1210{1136}.bin
2019/04/03 18:38:55 [23480] >f+++++++++ [PCX]kosan_1212{2055}.bin
2019/04/03 18:38:55 [23480] >f+++++++++ [PCX]kosan_1218{1532}.bin
2019/04/03 18:38:56 [23480] >f+++++++++ [PCX]kosan_1221(0758).bin
2019/04/03 18:38:56 [23480] >f+++++++++ [PCX]kosan_1224{0310}.bin
2019/04/03 18:38:56 [23480] >f+++++++++ [PCX]kosan_1229{0001}.bin
2019/04/03 18:38:56 [23480] >f+++++++++ [PCX]lebaran.bin
2019/04/03 18:38:56 [23480] >f+++++++++ [PCX]ngampus.bin
2019/04/03 18:38:56 [23480] >f+++++++++ [PCX]reboot.bin
2019/04/03 18:38:56 [23480] sent 25,626,575 bytes  received 1,178 bytes  3,015,029.76 bytes/sec
2019/04/03 18:38:56 [23480] total size is 75,114,970  speedup is 2.93
2020/02/17 18:37:56 [2795] building file list
2020/02/17 18:37:56 [2795] sent 2,709 bytes  received 12 bytes  1,814.00 bytes/sec
2020/02/17 18:37:56 [2795] total size is 75,114,970  speedup is 27,605.65