2020/02/14 14:34:55 [3229] building file list
2020/02/14 14:34:55 [3229] .d          ./
2020/02/14 14:34:55 [3229] .f          powershell.config.json
2020/02/14 14:34:55 [3229] .f          profile.ps1
2020/02/14 14:34:55 [3229] sent 169 bytes  received 25 bytes  388.00 bytes/sec
2020/02/14 14:34:55 [3229] total size is 11,980  speedup is 61.75
2020/02/14 14:35:39 [3258] building file list
2020/02/14 14:35:39 [3258] .d          ./
2020/02/14 14:35:39 [3258] .f          powershell.config.json
2020/02/14 14:35:39 [3258] .f          profile.ps1
2020/02/14 14:35:39 [3258] sent 169 bytes  received 25 bytes  388.00 bytes/sec
2020/02/14 14:35:39 [3258] total size is 11,980  speedup is 61.75
2020/02/14 14:35:44 [3272] building file list
2020/02/14 14:35:44 [3272] .d          ./
2020/02/14 14:35:44 [3272] .f          profile.ps1
2020/02/14 14:35:44 [3272] sent 166 bytes  received 22 bytes  376.00 bytes/sec
2020/02/14 14:35:44 [3272] total size is 11,980  speedup is 63.72
/c/Users/zeruel/dotfiles/win10_userprofile/powershell/ pull to /c/Users/zeruel/Documents/WindowsPowerShell/
2020/02/14 14:41:15 [3302] building file list
2020/02/14 14:41:15 [3302] .d          ./
2020/02/14 14:41:15 [3302] .f          profile.ps1
2020/02/14 14:41:15 [3302] sent 166 bytes  received 22 bytes  376.00 bytes/sec
2020/02/14 14:41:15 [3302] total size is 11,980  speedup is 63.72
++ sync-profile.zeruel-PCx.PULL.log	2020-02-15 19:32:43.290496900 +0700
/c/Users/zeruel/dotfiles/msys2_mainHome/ pull to /home/zeruel/
2020/02/15 19:08:33 [3703] building file list
2020/02/15 19:08:33 [3703] .d..t...... ./
2020/02/15 19:08:33 [3703] .f..t...... .bash_aliases
2020/02/15 19:08:33 [3703] .f..t...... .bash_profile
2020/02/15 19:08:33 [3703] .f..t...... .bashrc
2020/02/15 19:08:33 [3703] .d..t...... .bin/
2020/02/15 19:08:33 [3703] .f..t...... .bin/.exclude-calibre
2020/02/15 19:08:33 [3703] .f..t...... .bin/.exclude-cmder
2020/02/15 19:08:33 [3703] .f..t...... .bin/.exclude-fmd
2020/02/15 19:08:33 [3703] .f..t...... .bin/.exclude-persist
2020/02/15 19:08:33 [3703] .f..t...... .bin/.filter-Data
2020/02/15 19:08:33 [3703] .f..t...... .bin/.filter-profile
2020/02/15 19:08:33 [3703] .f..t...... .bin/.filter-savedata
2020/02/15 19:08:33 [3703] .f..t...... .bin/sync-calibre
2020/02/15 19:08:33 [3703] .f..t...... .bin/sync-cmder
2020/02/15 19:08:33 [3703] .f..t...... .bin/sync-fmd
2020/02/15 19:08:33 [3703] .f..t...... .bin/sync-modWorks
2020/02/15 19:08:33 [3703] .f..t...... .bin/sync-persist
2020/02/15 19:08:33 [3703] .f..t...... .bin/sync-profile
2020/02/15 19:08:33 [3703] .f..t...... .bin/sync-savegame
2020/02/15 19:08:33 [3703] .f..t...... .bin/sync-vivaldi
2020/02/15 19:08:33 [3703] sent 888 bytes  received 77 bytes  1,930.00 bytes/sec
2020/02/15 19:08:33 [3703] total size is 63,178  speedup is 65.47
/c/Users/zeruel/dotfiles/msys2_mainHome/ pull to /home/zeruel/
2020/02/15 19:09:18 [3746] building file list
2020/02/15 19:09:18 [3746] .d..t...... ./
2020/02/15 19:09:18 [3746] .f          .bash_aliases
2020/02/15 19:09:18 [3746] .f          .bash_profile
2020/02/15 19:09:18 [3746] .f          .bashrc
2020/02/15 19:09:18 [3746] .d          .bin/
2020/02/15 19:09:18 [3746] .f          .bin/.exclude-calibre
2020/02/15 19:09:18 [3746] .f          .bin/.exclude-cmder
2020/02/15 19:09:18 [3746] .f          .bin/.exclude-fmd
2020/02/15 19:09:18 [3746] .f          .bin/.exclude-persist
2020/02/15 19:09:18 [3746] .f          .bin/.filter-Data
2020/02/15 19:09:18 [3746] .f          .bin/.filter-profile
2020/02/15 19:09:18 [3746] .f          .bin/.filter-savedata
2020/02/15 19:09:18 [3746] .f          .bin/sync-calibre
2020/02/15 19:09:18 [3746] .f          .bin/sync-cmder
2020/02/15 19:09:18 [3746] .f          .bin/sync-fmd
2020/02/15 19:09:18 [3746] .f          .bin/sync-modWorks
2020/02/15 19:09:18 [3746] .f          .bin/sync-persist
2020/02/15 19:09:18 [3746] >fcst...... .bin/sync-profile
2020/02/15 19:09:18 [3746] .f          .bin/sync-savegame
2020/02/15 19:09:18 [3746] .f          .bin/sync-vivaldi
2020/02/15 19:09:18 [3746] sent 2,916 bytes  received 97 bytes  6,026.00 bytes/sec
2020/02/15 19:09:18 [3746] total size is 63,189  speedup is 20.97
/c/Users/zeruel/dotfiles/msys2_mainHome/ pull to /home/zeruel/
2020/02/15 19:13:39 [3827] building file list
2020/02/15 19:13:39 [3827] .d..t...... ./
2020/02/15 19:13:39 [3827] .f          .bash_aliases
2020/02/15 19:13:39 [3827] .f          .bash_profile
2020/02/15 19:13:39 [3827] .f          .bashrc
2020/02/15 19:13:39 [3827] .d          .bin/
2020/02/15 19:13:39 [3827] .f          .bin/.exclude-calibre
2020/02/15 19:13:39 [3827] .f          .bin/.exclude-cmder
2020/02/15 19:13:39 [3827] .f          .bin/.exclude-fmd
2020/02/15 19:13:39 [3827] .f          .bin/.exclude-persist
2020/02/15 19:13:39 [3827] .f          .bin/.filter-Data
2020/02/15 19:13:39 [3827] .f          .bin/.filter-profile
2020/02/15 19:13:39 [3827] .f          .bin/.filter-savedata
2020/02/15 19:13:39 [3827] .f          .bin/sync-calibre
2020/02/15 19:13:39 [3827] .f          .bin/sync-cmder
2020/02/15 19:13:39 [3827] .f          .bin/sync-fmd
2020/02/15 19:13:39 [3827] .f          .bin/sync-modWorks
2020/02/15 19:13:39 [3827] .f          .bin/sync-persist
2020/02/15 19:13:39 [3827] .f..t...... .bin/sync-profile
2020/02/15 19:13:39 [3827] .f          .bin/sync-savegame
2020/02/15 19:13:39 [3827] .f          .bin/sync-vivaldi
2020/02/15 19:13:39 [3827] sent 887 bytes  received 77 bytes  1,928.00 bytes/sec
2020/02/15 19:13:39 [3827] total size is 63,315  speedup is 65.68
/c/Users/zeruel/dotfiles/msys2_mainHome/ pull to /home/zeruel/
2020/02/15 19:29:14 [3924] building file list
2020/02/15 19:29:14 [3924] .d..t...... ./
2020/02/15 19:29:14 [3924] .f          .bash_aliases
2020/02/15 19:29:14 [3924] .f          .bash_profile
2020/02/15 19:29:14 [3924] .f          .bashrc
2020/02/15 19:29:14 [3924] .d          .bin/
2020/02/15 19:29:14 [3924] .f          .bin/.exclude-calibre
2020/02/15 19:29:14 [3924] .f          .bin/.exclude-cmder
2020/02/15 19:29:14 [3924] .f          .bin/.exclude-fmd
2020/02/15 19:29:14 [3924] .f          .bin/.exclude-persist
2020/02/15 19:29:14 [3924] .f          .bin/.filter-Data
2020/02/15 19:29:14 [3924] .f          .bin/.filter-profile
2020/02/15 19:29:14 [3924] .f          .bin/.filter-savedata
2020/02/15 19:29:14 [3924] .f          .bin/sync-calibre
2020/02/15 19:29:14 [3924] .f          .bin/sync-cmder
2020/02/15 19:29:14 [3924] .f          .bin/sync-fmd
2020/02/15 19:29:14 [3924] .f          .bin/sync-modWorks
2020/02/15 19:29:14 [3924] .f          .bin/sync-persist
2020/02/15 19:29:14 [3924] .f..t...... .bin/sync-profile
2020/02/15 19:29:14 [3924] .f          .bin/sync-savegame
2020/02/15 19:29:14 [3924] .f          .bin/sync-vivaldi
2020/02/15 19:29:14 [3924] sent 888 bytes  received 77 bytes  1,930.00 bytes/sec
2020/02/15 19:29:14 [3924] total size is 63,504  speedup is 65.81
/c/Users/zeruel/dotfiles/msys2_mainHome/ pull to /home/zeruel/
2020/02/15 19:32:43 [3952] building file list
2020/02/15 19:32:43 [3952] .d..t...... ./
2020/02/15 19:32:43 [3952] .f          .bash_aliases
2020/02/15 19:32:43 [3952] .f          .bash_profile
2020/02/15 19:32:43 [3952] .f          .bashrc
2020/02/15 19:32:43 [3952] .d          .bin/
2020/02/15 19:32:43 [3952] .f          .bin/.exclude-calibre
2020/02/15 19:32:43 [3952] .f          .bin/.exclude-cmder
2020/02/15 19:32:43 [3952] .f          .bin/.exclude-fmd
2020/02/15 19:32:43 [3952] .f          .bin/.exclude-persist
2020/02/15 19:32:43 [3952] .f          .bin/.filter-Data
2020/02/15 19:32:43 [3952] .f          .bin/.filter-profile
2020/02/15 19:32:43 [3952] .f          .bin/.filter-savedata
2020/02/15 19:32:43 [3952] .f          .bin/sync-calibre
2020/02/15 19:32:43 [3952] .f          .bin/sync-cmder
2020/02/15 19:32:43 [3952] .f          .bin/sync-fmd
2020/02/15 19:32:43 [3952] .f          .bin/sync-modWorks
2020/02/15 19:32:43 [3952] .f          .bin/sync-persist
2020/02/15 19:32:43 [3952] .f..t...... .bin/sync-profile
2020/02/15 19:32:43 [3952] .f          .bin/sync-savegame
2020/02/15 19:32:43 [3952] .f          .bin/sync-vivaldi
2020/02/15 19:32:43 [3952] sent 888 bytes  received 77 bytes  1,930.00 bytes/sec
2020/02/15 19:32:43 [3952] total size is 63,481  speedup is 65.78
++ /home/zeruel/.logs/sync-profile.zeruel-PCx.PULL.log	2020-02-15 19:41:22.229227500 +0700
2020/02/15 19:41:22 [4008] building file list
2020/02/15 19:41:22 [4008] .d..t...... ./
2020/02/15 19:41:22 [4008] .f          .bash_aliases
2020/02/15 19:41:22 [4008] .f          .bash_profile
2020/02/15 19:41:22 [4008] .f          .bashrc
2020/02/15 19:41:22 [4008] .d          .bin/
2020/02/15 19:41:22 [4008] .f          .bin/.exclude-calibre
2020/02/15 19:41:22 [4008] .f          .bin/.exclude-cmder
2020/02/15 19:41:22 [4008] .f          .bin/.exclude-fmd
2020/02/15 19:41:22 [4008] .f          .bin/.exclude-persist
2020/02/15 19:41:22 [4008] .f          .bin/.filter-Data
2020/02/15 19:41:22 [4008] .f          .bin/.filter-profile
2020/02/15 19:41:22 [4008] .f          .bin/.filter-savedata
2020/02/15 19:41:22 [4008] .f          .bin/sync-calibre
2020/02/15 19:41:22 [4008] .f          .bin/sync-cmder
2020/02/15 19:41:22 [4008] .f          .bin/sync-fmd
2020/02/15 19:41:22 [4008] .f          .bin/sync-modWorks
2020/02/15 19:41:22 [4008] .f          .bin/sync-persist
2020/02/15 19:41:22 [4008] .f..t...... .bin/sync-profile
2020/02/15 19:41:22 [4008] .f          .bin/sync-savegame
2020/02/15 19:41:22 [4008] .f          .bin/sync-vivaldi
2020/02/15 19:41:22 [4008] sent 888 bytes  received 77 bytes  1,930.00 bytes/sec
2020/02/15 19:41:22 [4008] total size is 63,449  speedup is 65.75
++ /home/zeruel/.logs/sync-profile.zeruel-PCx.PULL.log	2020-02-15 19:45:33.858579500 +0700
2020/02/15 19:45:33 [4081] building file list
2020/02/15 19:45:33 [4081] .d..t...... ./
2020/02/15 19:45:33 [4081] .f          .bash_aliases
2020/02/15 19:45:33 [4081] .f          .bash_profile
2020/02/15 19:45:33 [4081] .f          .bashrc
2020/02/15 19:45:33 [4081] .d          .bin/
2020/02/15 19:45:33 [4081] .f          .bin/.exclude-calibre
2020/02/15 19:45:33 [4081] .f          .bin/.exclude-cmder
2020/02/15 19:45:33 [4081] .f          .bin/.exclude-fmd
2020/02/15 19:45:33 [4081] .f          .bin/.exclude-persist
2020/02/15 19:45:33 [4081] .f          .bin/.filter-Data
2020/02/15 19:45:33 [4081] .f          .bin/.filter-profile
2020/02/15 19:45:33 [4081] .f          .bin/.filter-savedata
2020/02/15 19:45:33 [4081] .f          .bin/sync-calibre
2020/02/15 19:45:33 [4081] .f          .bin/sync-cmder
2020/02/15 19:45:33 [4081] .f          .bin/sync-fmd
2020/02/15 19:45:33 [4081] .f          .bin/sync-modWorks
2020/02/15 19:45:33 [4081] .f          .bin/sync-persist
2020/02/15 19:45:33 [4081] .f..t...... .bin/sync-profile
2020/02/15 19:45:33 [4081] .f          .bin/sync-savegame
2020/02/15 19:45:33 [4081] .f          .bin/sync-vivaldi
2020/02/15 19:45:33 [4081] sent 888 bytes  received 77 bytes  1,930.00 bytes/sec
2020/02/15 19:45:33 [4081] total size is 63,496  speedup is 65.80
++ /home/zeruel/.logs/sync-profile.zeruel-PCx.PULL.log	2020-02-15 19:48:50.576654400 +0700
/c/Users/zeruel/dotfiles/msys2_mainHome/ pull to /home/zeruel/
2020/02/15 19:48:50 [4118] building file list
2020/02/15 19:48:50 [4118] .d          ./
2020/02/15 19:48:50 [4118] .f          .bash_aliases
2020/02/15 19:48:50 [4118] .f          .bash_profile
2020/02/15 19:48:50 [4118] .f          .bashrc
2020/02/15 19:48:50 [4118] .d          .bin/
2020/02/15 19:48:50 [4118] .f          .bin/.exclude-calibre
2020/02/15 19:48:50 [4118] .f          .bin/.exclude-cmder
2020/02/15 19:48:50 [4118] .f          .bin/.exclude-fmd
2020/02/15 19:48:50 [4118] .f          .bin/.exclude-persist
2020/02/15 19:48:50 [4118] .f          .bin/.filter-Data
2020/02/15 19:48:50 [4118] .f          .bin/.filter-profile
2020/02/15 19:48:50 [4118] .f          .bin/.filter-savedata
2020/02/15 19:48:50 [4118] .f          .bin/sync-calibre
2020/02/15 19:48:50 [4118] .f          .bin/sync-cmder
2020/02/15 19:48:50 [4118] .f          .bin/sync-fmd
2020/02/15 19:48:50 [4118] .f          .bin/sync-modWorks
2020/02/15 19:48:50 [4118] .f          .bin/sync-persist
2020/02/15 19:48:50 [4118] >fcst...... .bin/sync-profile
2020/02/15 19:48:50 [4118] .f          .bin/sync-savegame
2020/02/15 19:48:50 [4118] .f          .bin/sync-vivaldi
2020/02/15 19:48:50 [4118] sent 3,011 bytes  received 97 bytes  6,216.00 bytes/sec
2020/02/15 19:48:50 [4118] total size is 63,616  speedup is 20.47
++ /home/zeruel/.logs/sync-profile.zeruel-PCx.PULL.log	2020-02-15 21:16:34.122308500 +0700
/c/Users/zeruel/dotfiles/msys2_mainHome/ pull to /home/zeruel/
2020/02/15 21:14:47 [4585] building file list
2020/02/15 21:14:47 [4585] .d          ./
2020/02/15 21:14:47 [4585] .f          .bash_aliases
2020/02/15 21:14:47 [4585] .f          .bash_profile
2020/02/15 21:14:47 [4585] .f          .bashrc
2020/02/15 21:14:47 [4585] .d          .bin/
2020/02/15 21:14:47 [4585] .f          .bin/.exclude-calibre
2020/02/15 21:14:47 [4585] .f          .bin/.exclude-cmder
2020/02/15 21:14:47 [4585] .f          .bin/.exclude-fmd
2020/02/15 21:14:47 [4585] .f          .bin/.exclude-persist
2020/02/15 21:14:47 [4585] .f          .bin/.filter-Data
2020/02/15 21:14:47 [4585] .f          .bin/.filter-profile
2020/02/15 21:14:47 [4585] .f          .bin/.filter-savedata
2020/02/15 21:14:47 [4585] .f          .bin/sync-calibre
2020/02/15 21:14:47 [4585] .f          .bin/sync-cmder
2020/02/15 21:14:47 [4585] .f          .bin/sync-fmd
2020/02/15 21:14:47 [4585] .f          .bin/sync-modWorks
2020/02/15 21:14:47 [4585] .f          .bin/sync-persist
2020/02/15 21:14:47 [4585] .f..t...... .bin/sync-profile
2020/02/15 21:14:47 [4585] .f          .bin/sync-savegame
2020/02/15 21:14:47 [4585] .f          .bin/sync-vivaldi
2020/02/15 21:14:47 [4585] sent 888 bytes  received 77 bytes  1,930.00 bytes/sec
2020/02/15 21:14:47 [4585] total size is 63,219  speedup is 65.51
/c/Users/zeruel/dotfiles/msys2_mainHome/ pull to /home/zeruel/
2020/02/15 21:16:33 [4629] building file list
2020/02/15 21:16:34 [4629] .d          ./
2020/02/15 21:16:34 [4629] .f          .bash_aliases
2020/02/15 21:16:34 [4629] .f          .bash_profile
2020/02/15 21:16:34 [4629] .f          .bashrc
2020/02/15 21:16:34 [4629] .d          .bin/
2020/02/15 21:16:34 [4629] .f          .bin/.exclude-calibre
2020/02/15 21:16:34 [4629] .f          .bin/.exclude-cmder
2020/02/15 21:16:34 [4629] .f          .bin/.exclude-fmd
2020/02/15 21:16:34 [4629] .f          .bin/.exclude-persist
2020/02/15 21:16:34 [4629] .f          .bin/.filter-Data
2020/02/15 21:16:34 [4629] .f          .bin/.filter-profile
2020/02/15 21:16:34 [4629] .f          .bin/.filter-savedata
2020/02/15 21:16:34 [4629] .f          .bin/sync-calibre
2020/02/15 21:16:34 [4629] .f          .bin/sync-cmder
2020/02/15 21:16:34 [4629] .f          .bin/sync-fmd
2020/02/15 21:16:34 [4629] .f          .bin/sync-modWorks
2020/02/15 21:16:34 [4629] .f          .bin/sync-persist
2020/02/15 21:16:34 [4629] .f..t...... .bin/sync-profile
2020/02/15 21:16:34 [4629] .f          .bin/sync-savegame
2020/02/15 21:16:34 [4629] .f          .bin/sync-vivaldi
2020/02/15 21:16:34 [4629] sent 888 bytes  received 77 bytes  643.33 bytes/sec
2020/02/15 21:16:34 [4629] total size is 63,224  speedup is 65.52
++ /home/zeruel/.logs/sync-profile.zeruel-PCx.PULL.log	2020-02-15 21:21:15.015928200 +0700
/c/Users/zeruel/dotfiles/msys2_mainHome/ pull to /home/zeruel/
2020/02/15 21:21:14 [4720] building file list
2020/02/15 21:21:14 [4720] .d          ./
2020/02/15 21:21:14 [4720] .f          .bash_aliases
2020/02/15 21:21:14 [4720] .f          .bash_profile
2020/02/15 21:21:14 [4720] .f          .bashrc
2020/02/15 21:21:14 [4720] .d          .bin/
2020/02/15 21:21:14 [4720] .f          .bin/.exclude-calibre
2020/02/15 21:21:14 [4720] .f          .bin/.exclude-cmder
2020/02/15 21:21:14 [4720] .f          .bin/.exclude-fmd
2020/02/15 21:21:14 [4720] .f          .bin/.exclude-persist
2020/02/15 21:21:14 [4720] .f          .bin/.filter-Data
2020/02/15 21:21:14 [4720] >fcst...... .bin/.filter-profile
2020/02/15 21:21:14 [4720] .f          .bin/.filter-savedata
2020/02/15 21:21:14 [4720] .f          .bin/sync-calibre
2020/02/15 21:21:14 [4720] .f          .bin/sync-cmder
2020/02/15 21:21:14 [4720] .f          .bin/sync-fmd
2020/02/15 21:21:14 [4720] .f          .bin/sync-modWorks
2020/02/15 21:21:14 [4720] .f          .bin/sync-persist
2020/02/15 21:21:14 [4720] >fcst...... .bin/sync-profile
2020/02/15 21:21:14 [4720] .f          .bin/sync-savegame
2020/02/15 21:21:14 [4720] .f          .bin/sync-vivaldi
2020/02/15 21:21:15 [4720] sent 3,229 bytes  received 113 bytes  2,228.00 bytes/sec
2020/02/15 21:21:15 [4720] total size is 63,243  speedup is 18.92
++ /home/zeruel/.logs/sync-profile.zeruel-PCx.PULL.log	2020-02-15 21:21:51.036957300 +0700
/c/Users/zeruel/dotfiles/msys2_mainHome/ pull to /home/zeruel/
2020/02/15 21:21:50 [4776] building file list
2020/02/15 21:21:50 [4776] .d          ./
2020/02/15 21:21:50 [4776] .f          .bash_aliases
2020/02/15 21:21:50 [4776] .f          .bash_profile
2020/02/15 21:21:50 [4776] .f          .bashrc
2020/02/15 21:21:50 [4776] .f..t...... .inputrc
2020/02/15 21:21:50 [4776] .f..t...... .savegameList
2020/02/15 21:21:50 [4776] .d          .bin/
2020/02/15 21:21:50 [4776] .f          .bin/.exclude-calibre
2020/02/15 21:21:50 [4776] .f          .bin/.exclude-cmder
2020/02/15 21:21:50 [4776] .f          .bin/.exclude-fmd
2020/02/15 21:21:50 [4776] .f          .bin/.exclude-persist
2020/02/15 21:21:50 [4776] .f          .bin/.filter-Data
2020/02/15 21:21:50 [4776] .f          .bin/.filter-profile
2020/02/15 21:21:51 [4776] .f          .bin/.filter-savedata
2020/02/15 21:21:51 [4776] .f          .bin/sync-calibre
2020/02/15 21:21:51 [4776] .f          .bin/sync-cmder
2020/02/15 21:21:51 [4776] .f          .bin/sync-fmd
2020/02/15 21:21:51 [4776] .f          .bin/sync-modWorks
2020/02/15 21:21:51 [4776] .f          .bin/sync-persist
2020/02/15 21:21:51 [4776] .f          .bin/sync-profile
2020/02/15 21:21:51 [4776] .f          .bin/sync-savegame
2020/02/15 21:21:51 [4776] .f          .bin/sync-vivaldi
2020/02/15 21:21:51 [4776] sent 975 bytes  received 83 bytes  705.33 bytes/sec
2020/02/15 21:21:51 [4776] total size is 67,254  speedup is 63.57
++ /home/zeruel/.logs/sync-profile.zeruel-PCx.PULL.log	2020-02-17 00:17:23.557868100 +0700
/c/Users/zeruel/dotfiles/win10_userprofile/powershell/ pull to /c/Users/zeruel/Documents/PowerShell/
2020/02/17 00:17:23 [991] building file list
2020/02/17 00:17:23 [991] .d..t...... ./
2020/02/17 00:17:23 [991] .f..t...... powershell.config.json
2020/02/17 00:17:23 [991] >fcst...... profile.ps1
2020/02/17 00:17:23 [991] sent 4,122 bytes  received 41 bytes  8,326.00 bytes/sec
2020/02/17 00:17:23 [991] total size is 12,188  speedup is 2.93
++ /home/zeruel/.logs/sync-profile.zeruel-PCx.PULL.log	2020-02-17 00:17:27.040096900 +0700
/c/Users/zeruel/dotfiles/win10_userprofile/powershell/ pull to /c/Users/zeruel/Documents/WindowsPowerShell/
2020/02/17 00:17:26 [1009] building file list
2020/02/17 00:17:27 [1009] .d..t...... ./
2020/02/17 00:17:27 [1009] >fcst...... profile.ps1
2020/02/17 00:17:27 [1009] sent 4,119 bytes  received 38 bytes  2,771.33 bytes/sec
2020/02/17 00:17:27 [1009] total size is 12,188  speedup is 2.93
2020/02/12 11:50:22 [813] building file list
2020/02/12 11:50:22 [813] .d..t...... ./
2020/02/12 11:50:22 [813] >f+++++++++ profiles.json
2020/02/12 11:50:22 [813] sent 1,574 bytes  received 38 bytes  3,224.00 bytes/sec
2020/02/12 11:50:22 [813] total size is 4,563  speedup is 2.83
/c/Users/zeruel/Documents/PowerShell/ push to /c/Users/zeruel/dotfiles/win10_userprofile/powershell/
2020/02/14 14:42:48 [3354] building file list
2020/02/14 14:42:48 [3354] .d          ./
2020/02/14 14:42:48 [3354] .f          powershell.config.json
2020/02/14 14:42:48 [3354] .f          profile.ps1
2020/02/14 14:42:48 [3354] sent 169 bytes  received 25 bytes  388.00 bytes/sec
2020/02/14 14:42:48 [3354] total size is 11,980  speedup is 61.75
/c/Users/zeruel/dotfiles/msys2_mainHome/ pull to /home/zeruel/
2020/02/17 15:36:36 [2089] building file list
2020/02/17 15:36:36 [2089] .d..t...... ./
2020/02/17 15:36:36 [2089] .f..t...... .bash_aliases
2020/02/17 15:36:36 [2089] .f..t...... .bash_profile
2020/02/17 15:36:36 [2089] .f..t...... .bashrc
2020/02/17 15:36:36 [2089] .f          .inputrc
2020/02/17 15:36:36 [2089] .f..t...... .savegameList
2020/02/17 15:36:36 [2089] .d..t...... .bin/
2020/02/17 15:36:36 [2089] .f..t...... .bin/.exclude-calibre
2020/02/17 15:36:36 [2089] .f..t...... .bin/.exclude-cmder
2020/02/17 15:36:36 [2089] .f..t...... .bin/.exclude-fmd
2020/02/17 15:36:36 [2089] .f..t...... .bin/.exclude-persist
2020/02/17 15:36:36 [2089] .f..t...... .bin/.filter-Data
2020/02/17 15:36:36 [2089] .f..t...... .bin/.filter-profile
2020/02/17 15:36:36 [2089] .f..t...... .bin/.filter-savedata
2020/02/17 15:36:36 [2089] .f..t...... .bin/sync-calibre
2020/02/17 15:36:36 [2089] .f..t...... .bin/sync-cmder
2020/02/17 15:36:36 [2089] .f..t...... .bin/sync-fmd
2020/02/17 15:36:36 [2089] .f..t...... .bin/sync-modWorks
2020/02/17 15:36:36 [2089] .f..t...... .bin/sync-persist
2020/02/17 15:36:36 [2089] .f..t...... .bin/sync-profile
2020/02/17 15:36:36 [2089] .f..t...... .bin/sync-savegame
2020/02/17 15:36:36 [2089] .f..t...... .bin/sync-vivaldi
2020/02/17 15:36:36 [2089] sent 966 bytes  received 83 bytes  2,098.00 bytes/sec
2020/02/17 15:36:36 [2089] total size is 69,442  speedup is 66.20
++ /home/zeruel/.logs/sync-profile.zeruel-PCx.log	2020-02-17 18:19:34.476807700 +0700
/c/Users/zeruel/dotfiles/msys2_mainHome/ pull to /home/zeruel/
2020/02/17 18:19:34 [2394] building file list
2020/02/17 18:19:34 [2394] .d..t...... ./
2020/02/17 18:19:34 [2394] .f          .bash_aliases
2020/02/17 18:19:34 [2394] .f          .bash_profile
2020/02/17 18:19:34 [2394] .f          .bashrc
2020/02/17 18:19:34 [2394] .f          .inputrc
2020/02/17 18:19:34 [2394] .f          .savegameList
2020/02/17 18:19:34 [2394] .d..t...... .bin/
2020/02/17 18:19:34 [2394] .f          .bin/.exclude-calibre
2020/02/17 18:19:34 [2394] .f          .bin/.exclude-cmder
2020/02/17 18:19:34 [2394] .f          .bin/.exclude-fmd
2020/02/17 18:19:34 [2394] .f          .bin/.exclude-persist
2020/02/17 18:19:34 [2394] .f          .bin/.filter-Data
2020/02/17 18:19:34 [2394] .f..t...... .bin/.filter-MasterSync
2020/02/17 18:19:34 [2394] .f..t...... .bin/.filter-espBA2
2020/02/17 18:19:34 [2394] .f          .bin/.filter-profile
2020/02/17 18:19:34 [2394] .f          .bin/.filter-savedata
2020/02/17 18:19:34 [2394] >fcst...... .bin/sync-calibre
2020/02/17 18:19:34 [2394] .f          .bin/sync-cmder
2020/02/17 18:19:34 [2394] .f          .bin/sync-fmd
2020/02/17 18:19:34 [2394] .f          .bin/sync-modWorks
2020/02/17 18:19:34 [2394] .f          .bin/sync-persist
2020/02/17 18:19:34 [2394] >fcst...... .bin/sync-profile
2020/02/17 18:19:34 [2394] .f          .bin/sync-savegame
2020/02/17 18:19:34 [2394] >fcst...... .bin/sync-vivaldi
2020/02/17 18:19:34 [2394] sent 7,048 bytes  received 141 bytes  14,378.00 bytes/sec
2020/02/17 18:19:34 [2394] total size is 70,991  speedup is 9.87
++ /home/zeruel/.logs/sync-profile.zeruel-PCx.log	2020-02-19 18:28:21.271301700 +0700
/c/Users/zeruel/dotfiles/msys2_mainHome/ pull to /home/zeruel/
2020/02/19 18:28:21 [2147] building file list
2020/02/19 18:28:21 [2147] .d..t...... ./
2020/02/19 18:28:21 [2147] .f..t...... .bash_aliases
2020/02/19 18:28:21 [2147] .f..t...... .bash_profile
2020/02/19 18:28:21 [2147] .f..t...... .bashrc
2020/02/19 18:28:21 [2147] .f          .inputrc
2020/02/19 18:28:21 [2147] .f..t...... .savegameList
2020/02/19 18:28:21 [2147] .d..t...... .bin/
2020/02/19 18:28:21 [2147] .f..t...... .bin/.exclude-calibre
2020/02/19 18:28:21 [2147] .f..t...... .bin/.exclude-cmder
2020/02/19 18:28:21 [2147] .f..t...... .bin/.filter-Data
2020/02/19 18:28:21 [2147] .f..t...... .bin/.filter-MasterSync
2020/02/19 18:28:21 [2147] .f..t...... .bin/.filter-espBA2
2020/02/19 18:28:21 [2147] .f..t...... .bin/.filter-persist
2020/02/19 18:28:21 [2147] .f..t...... .bin/.filter-profile
2020/02/19 18:28:21 [2147] .f..t...... .bin/.filter-savedata
2020/02/19 18:28:21 [2147] >fcst...... .bin/sync-calibre
2020/02/19 18:28:21 [2147] .f..t...... .bin/sync-cmder
2020/02/19 18:28:21 [2147] .f..t...... .bin/sync-modWorks
2020/02/19 18:28:21 [2147] >fcst...... .bin/sync-persist
2020/02/19 18:28:21 [2147] >fcst...... .bin/sync-profile
2020/02/19 18:28:21 [2147] .f..t...... .bin/sync-savegame
2020/02/19 18:28:21 [2147] .f..t...... .bin/sync-vivaldi
2020/02/19 18:28:21 [2147] sent 7,582 bytes  received 135 bytes  5,144.67 bytes/sec
2020/02/19 18:28:21 [2147] total size is 71,212  speedup is 9.23
++ /home/zeruel/.logs/sync-profile.zeruel-PCx.log	2020-02-20 14:45:31.855075400 +0700
/c/Users/zeruel/dotfiles/win10_userprofile/powershell/ pull to /c/Users/zeruel/Documents/PowerShell/
2020/02/20 14:45:31 [1693] building file list
2020/02/20 14:45:31 [1693] .d..t...... ./
2020/02/20 14:45:31 [1693] .f..t...... powershell.config.json
2020/02/20 14:45:31 [1693] >fcst...... profile.ps1
2020/02/20 14:45:31 [1693] sent 4,153 bytes  received 41 bytes  8,388.00 bytes/sec
2020/02/20 14:45:31 [1693] total size is 12,282  speedup is 2.93
++ /home/zeruel/.logs/sync-profile.zeruel-PCx.log	2020-02-20 14:45:40.675950500 +0700
/c/Users/zeruel/dotfiles/win10_userprofile/powershell/ pull to /c/Users/zeruel/Documents/WindowsPowerShell/
2020/02/20 14:45:40 [1711] building file list
2020/02/20 14:45:40 [1711] .d..t...... ./
2020/02/20 14:45:40 [1711] >fcst...... profile.ps1
2020/02/20 14:45:40 [1711] sent 4,150 bytes  received 38 bytes  8,376.00 bytes/sec
2020/02/20 14:45:40 [1711] total size is 12,282  speedup is 2.93
++ /home/zeruel/.logs/sync-profile.zeruel-PCx.log	2020-02-20 14:50:00.168145600 +0700
/c/Users/zeruel/dotfiles/msys2_mainHome/ pull to /home/zeruel/
2020/02/20 14:50:00 [1740] building file list
2020/02/20 14:50:00 [1740] .d..t...... ./
2020/02/20 14:50:00 [1740] .f..t...... .bash_aliases
2020/02/20 14:50:00 [1740] .f..t...... .bash_profile
2020/02/20 14:50:00 [1740] .f..t...... .bashrc
2020/02/20 14:50:00 [1740] .f          .inputrc
2020/02/20 14:50:00 [1740] .f..t...... .savegameList
2020/02/20 14:50:00 [1740] .d..t...... .bin/
2020/02/20 14:50:00 [1740] .f..t...... .bin/.exclude-calibre
2020/02/20 14:50:00 [1740] .f..t...... .bin/.exclude-cmder
2020/02/20 14:50:00 [1740] .f..t...... .bin/.filter-Data
2020/02/20 14:50:00 [1740] .f..t...... .bin/.filter-MasterSync
2020/02/20 14:50:00 [1740] .f..t...... .bin/.filter-espBA2
2020/02/20 14:50:00 [1740] >fcst...... .bin/.filter-persist
2020/02/20 14:50:00 [1740] .f..t...... .bin/.filter-profile
2020/02/20 14:50:00 [1740] .f..t...... .bin/.filter-savedata
2020/02/20 14:50:00 [1740] .f..t...... .bin/sync-calibre
2020/02/20 14:50:00 [1740] .f..t...... .bin/sync-cmder
2020/02/20 14:50:00 [1740] .f..t...... .bin/sync-modWorks
2020/02/20 14:50:00 [1740] .f..t...... .bin/sync-persist
2020/02/20 14:50:00 [1740] .f..t...... .bin/sync-profile
2020/02/20 14:50:00 [1740] .f..t...... .bin/sync-savegame
2020/02/20 14:50:00 [1740] .f..t...... .bin/sync-vivaldi
2020/02/20 14:50:00 [1740] sent 1,170 bytes  received 103 bytes  2,546.00 bytes/sec
2020/02/20 14:50:00 [1740] total size is 71,245  speedup is 55.97
++ /home/zeruel/.logs/sync-profile.zeruel-PCx.log	2020-02-20 14:51:41.925872800 +0700
/c/Users/zeruel/dotfiles/msys2_mainHome/ pull to /home/zeruel/
2020/02/20 14:51:41 [1772] building file list
2020/02/20 14:51:41 [1772] .d          ./
2020/02/20 14:51:41 [1772] .f          .bash_aliases
2020/02/20 14:51:41 [1772] .f          .bash_profile
2020/02/20 14:51:41 [1772] .f          .bashrc
2020/02/20 14:51:41 [1772] .f          .inputrc
2020/02/20 14:51:41 [1772] .f          .savegameList
2020/02/20 14:51:41 [1772] .d          .bin/
2020/02/20 14:51:41 [1772] .f          .bin/.exclude-calibre
2020/02/20 14:51:41 [1772] .f          .bin/.exclude-cmder
2020/02/20 14:51:41 [1772] .f          .bin/.filter-Data
2020/02/20 14:51:41 [1772] .f          .bin/.filter-MasterSync
2020/02/20 14:51:41 [1772] .f          .bin/.filter-espBA2
2020/02/20 14:51:41 [1772] .f          .bin/.filter-persist
2020/02/20 14:51:41 [1772] .f          .bin/.filter-profile
2020/02/20 14:51:41 [1772] .f          .bin/.filter-savedata
2020/02/20 14:51:41 [1772] .f          .bin/sync-calibre
2020/02/20 14:51:41 [1772] .f          .bin/sync-cmder
2020/02/20 14:51:41 [1772] .f          .bin/sync-modWorks
2020/02/20 14:51:41 [1772] .f          .bin/sync-persist
2020/02/20 14:51:41 [1772] .f          .bin/sync-profile
2020/02/20 14:51:41 [1772] .f          .bin/sync-savegame
2020/02/20 14:51:41 [1772] .f          .bin/sync-vivaldi
2020/02/20 14:51:41 [1772] sent 954 bytes  received 83 bytes  2,074.00 bytes/sec
2020/02/20 14:51:41 [1772] total size is 71,245  speedup is 68.70
++ /home/zeruel/.logs/sync-profile.zeruel-PCx.log	2020-02-20 14:52:42.411336300 +0700
/c/Users/zeruel/dotfiles/msys2_mainHome/ pull to /home/zeruel/
2020/02/20 14:52:42 [1802] building file list
2020/02/20 14:52:42 [1802] .d          ./
2020/02/20 14:52:42 [1802] .f          .bash_aliases
2020/02/20 14:52:42 [1802] .f          .bash_profile
2020/02/20 14:52:42 [1802] .f          .bashrc
2020/02/20 14:52:42 [1802] .f          .inputrc
2020/02/20 14:52:42 [1802] .f          .savegameList
2020/02/20 14:52:42 [1802] .d          .bin/
2020/02/20 14:52:42 [1802] .f          .bin/.exclude-calibre
2020/02/20 14:52:42 [1802] .f          .bin/.exclude-cmder
2020/02/20 14:52:42 [1802] .f          .bin/.filter-Data
2020/02/20 14:52:42 [1802] .f          .bin/.filter-MasterSync
2020/02/20 14:52:42 [1802] .f          .bin/.filter-espBA2
2020/02/20 14:52:42 [1802] .f          .bin/.filter-persist
2020/02/20 14:52:42 [1802] .f          .bin/.filter-profile
2020/02/20 14:52:42 [1802] .f          .bin/.filter-savedata
2020/02/20 14:52:42 [1802] .f          .bin/sync-calibre
2020/02/20 14:52:42 [1802] .f          .bin/sync-cmder
2020/02/20 14:52:42 [1802] .f          .bin/sync-modWorks
2020/02/20 14:52:42 [1802] .f          .bin/sync-persist
2020/02/20 14:52:42 [1802] >fcst...... .bin/sync-profile
2020/02/20 14:52:42 [1802] .f          .bin/sync-savegame
2020/02/20 14:52:42 [1802] .f          .bin/sync-vivaldi
2020/02/20 14:52:42 [1802] sent 3,295 bytes  received 103 bytes  6,796.00 bytes/sec
2020/02/20 14:52:42 [1802] total size is 71,246  speedup is 20.97
