/c/Users/zeruel11/dotfiles/msys2_mainHome/ pull to /home/zeruel11/
2020/02/24 21:06:48 [2215] building file list
2020/02/24 21:06:48 [2215] .d..t...... ./
2020/02/24 21:06:48 [2215] >f+++++++++ .bash_aliases
2020/02/24 21:06:48 [2215] .f..t...... .bash_completion
2020/02/24 21:06:48 [2215] >fcstp..... .bash_profile
2020/02/24 21:06:48 [2215] >fcst...... .bashrc
2020/02/24 21:06:48 [2215] .f..t...... .inputrc
2020/02/24 21:06:48 [2215] >f+++++++++ .savegameList
2020/02/24 21:06:48 [2215] .d..t...... .bin/
2020/02/24 21:06:48 [2215] .f..t...... .bin/.exclude-calibre
2020/02/24 21:06:48 [2215] >f+++++++++ .bin/.exclude-cmder
2020/02/24 21:06:48 [2215] >f+++++++++ .bin/.filter-Data
2020/02/24 21:06:48 [2215] >f+++++++++ .bin/.filter-MasterSync
2020/02/24 21:06:48 [2215] >f+++++++++ .bin/.filter-espBA2
2020/02/24 21:06:48 [2215] >f+++++++++ .bin/.filter-persist
2020/02/24 21:06:48 [2215] .f..t...... .bin/.filter-profile
2020/02/24 21:06:48 [2215] >f+++++++++ .bin/.filter-savedata
2020/02/24 21:06:48 [2215] .f..t...... .bin/sync-calibre
2020/02/24 21:06:48 [2215] >f+++++++++ .bin/sync-cmder
2020/02/24 21:06:48 [2215] >f+++++++++ .bin/sync-modWorks
2020/02/24 21:06:48 [2215] >f+++++++++ .bin/sync-persist
2020/02/24 21:06:48 [2215] >fcst...... .bin/sync-profile
2020/02/24 21:06:48 [2215] >f+++++++++ .bin/sync-savegame
2020/02/24 21:06:48 [2215] >f+++++++++ .bin/sync-vivaldi
2020/02/24 21:06:48 [2215] sent 18,760 bytes  received 350 bytes  38,220.00 bytes/sec
2020/02/24 21:06:48 [2215] total size is 74,552  speedup is 3.90
