**** BEGIN LOGGING AT Fri Nov  9 16:31:59 2018

Nov 09 16:31:59 Lua version 1.3/5.1 loaded.
Nov 09 16:31:59 Update Checker plugin loaded
**** BEGIN LOGGING AT Thu Nov 29 17:22:30 2018

Nov 29 17:22:30 Lua version 1.3/5.1 loaded.
Nov 29 17:22:30 Update Checker plugin loaded
Nov 29 17:22:31 *	Looking up irc.rizon.net
Nov 29 17:22:32 *	Connecting to bsqhe2r55lzfu55qm5jglncfzjwklxqp73ydsbmndm.map.rizon.net (104.199.196.3:6697)
Nov 29 17:22:33 *	* Subject: /O=Digital Signature Trust Co./CN=DST Root CA X3
Nov 29 17:22:33 *	* Issuer: /O=Digital Signature Trust Co./CN=DST Root CA X3
Nov 29 17:22:33 *	* Subject: /C=US/O=Let's Encrypt/CN=Let's Encrypt Authority X3
Nov 29 17:22:33 *	* Issuer: /O=Digital Signature Trust Co./CN=DST Root CA X3
Nov 29 17:22:33 *	* Subject: /CN=irc.rizon.net
Nov 29 17:22:33 *	* Issuer: /C=US/O=Let's Encrypt/CN=Let's Encrypt Authority X3
Nov 29 17:22:33 *	* Certification info:
Nov 29 17:22:33 *	  Subject:
Nov 29 17:22:33 *	    CN=irc.rizon.net
Nov 29 17:22:33 *	  Issuer:
Nov 29 17:22:33 *	    C=US
Nov 29 17:22:33 *	    O=Let's Encrypt
Nov 29 17:22:33 *	    CN=Let's Encrypt Authority X3
Nov 29 17:22:33 *	  Public key algorithm: rsaEncryption (4096 bits)
Nov 29 17:22:33 *	  Sign algorithm sha256WithRSAEncryption
Nov 29 17:22:33 *	  Valid since Oct 22 20:03:06 2018 GM to Jan 20 20:03:06 2019 GM
Nov 29 17:22:33 *	* Cipher info:
Nov 29 17:22:33 *	  Version: TLSv1/SSLv3, cipher ECDHE-RSA-AES256-GCM-SHA384 (256 bits)
Nov 29 17:22:33 *	Connected. Now logging in.
Nov 29 17:22:33 *	*** Looking up your hostname...
Nov 29 17:22:33 *	*** Couldn't look up your hostname
Nov 29 17:22:33 *	Capabilities supported: away-notify chghost invite-notify multi-prefix sasl userhost-in-names
Nov 29 17:22:33 *	Capabilities requested: away-notify chghost multi-prefix userhost-in-names 
Nov 29 17:22:33 *	Capabilities acknowledged: away-notify chghost multi-prefix userhost-in-names
Nov 29 17:22:33 *	*** Connected securely via TLSv1.2 ECDHE-RSA-AES256-GCM-SHA384-256
Nov 29 17:22:33 *	*** Your host is masked (7CF97D89.5314D4F0.4A2F84BB.IP)
**** ENDING LOGGING AT Thu Nov 29 17:22:33 2018

**** BEGIN LOGGING AT Thu Nov 29 23:31:33 2018

Nov 29 23:31:33 Lua version 1.3/5.1 loaded.
Nov 29 23:31:33 Update Checker plugin loaded
Nov 29 23:31:34 *	Looking up irc.rizon.net
Nov 29 23:31:34 *	Connecting to ul4knfr4ati5vg3clrm4zd3a6gcsbpt2txptzagyai.map.rizon.net (104.199.196.3:6697)
Nov 29 23:31:35 *	* Subject: /O=Digital Signature Trust Co./CN=DST Root CA X3
Nov 29 23:31:35 *	* Issuer: /O=Digital Signature Trust Co./CN=DST Root CA X3
Nov 29 23:31:35 *	* Subject: /C=US/O=Let's Encrypt/CN=Let's Encrypt Authority X3
Nov 29 23:31:35 *	* Issuer: /O=Digital Signature Trust Co./CN=DST Root CA X3
Nov 29 23:31:35 *	* Subject: /CN=irc.rizon.net
Nov 29 23:31:35 *	* Issuer: /C=US/O=Let's Encrypt/CN=Let's Encrypt Authority X3
Nov 29 23:31:36 *	* Certification info:
Nov 29 23:31:36 *	  Subject:
Nov 29 23:31:36 *	    CN=irc.rizon.net
Nov 29 23:31:36 *	  Issuer:
Nov 29 23:31:36 *	    C=US
Nov 29 23:31:36 *	    O=Let's Encrypt
Nov 29 23:31:36 *	    CN=Let's Encrypt Authority X3
Nov 29 23:31:36 *	  Public key algorithm: rsaEncryption (4096 bits)
Nov 29 23:31:36 *	  Sign algorithm sha256WithRSAEncryption
Nov 29 23:31:36 *	  Valid since Oct 22 20:03:06 2018 GM to Jan 20 20:03:06 2019 GM
Nov 29 23:31:36 *	* Cipher info:
Nov 29 23:31:36 *	  Version: TLSv1/SSLv3, cipher ECDHE-RSA-AES256-GCM-SHA384 (256 bits)
Nov 29 23:31:36 *	Connected. Now logging in.
Nov 29 23:31:36 *	*** Looking up your hostname...
Nov 29 23:31:36 *	*** Couldn't look up your hostname
Nov 29 23:31:36 *	Capabilities supported: away-notify chghost invite-notify multi-prefix sasl userhost-in-names
Nov 29 23:31:36 *	Capabilities requested: away-notify chghost multi-prefix userhost-in-names 
Nov 29 23:31:36 *	Capabilities acknowledged: away-notify chghost multi-prefix userhost-in-names
Nov 29 23:31:36 *	*** Connected securely via TLSv1.2 ECDHE-RSA-AES256-GCM-SHA384-256
Nov 29 23:31:36 *	*** Your host is masked (7CF97D89.5314D4F0.4A2F84BB.IP)
**** ENDING LOGGING AT Thu Nov 29 23:31:36 2018

**** BEGIN LOGGING AT Fri Nov 30 16:08:43 2018

Nov 30 16:08:43 Lua version 1.3/5.1 loaded.
Nov 30 16:08:43 Update Checker plugin loaded
Nov 30 16:08:44 *	Looking up irc.rizon.net
Nov 30 16:08:45 *	Connecting to u5vxje6usgvv2g3phdtqvlqv7grnxic7k65nlropxu.map.rizon.net (52.193.79.145:6697)
Nov 30 16:08:46 *	* Subject: /O=Digital Signature Trust Co./CN=DST Root CA X3
Nov 30 16:08:46 *	* Issuer: /O=Digital Signature Trust Co./CN=DST Root CA X3
Nov 30 16:08:46 *	* Subject: /C=US/O=Let's Encrypt/CN=Let's Encrypt Authority X3
Nov 30 16:08:46 *	* Issuer: /O=Digital Signature Trust Co./CN=DST Root CA X3
Nov 30 16:08:46 *	* Subject: /CN=irc.rizon.net
Nov 30 16:08:46 *	* Issuer: /C=US/O=Let's Encrypt/CN=Let's Encrypt Authority X3
Nov 30 16:08:46 *	* Certification info:
Nov 30 16:08:46 *	  Subject:
Nov 30 16:08:46 *	    CN=irc.rizon.net
Nov 30 16:08:46 *	  Issuer:
Nov 30 16:08:46 *	    C=US
Nov 30 16:08:46 *	    O=Let's Encrypt
Nov 30 16:08:46 *	    CN=Let's Encrypt Authority X3
Nov 30 16:08:46 *	  Public key algorithm: rsaEncryption (4096 bits)
Nov 30 16:08:46 *	  Sign algorithm sha256WithRSAEncryption
Nov 30 16:08:46 *	  Valid since Oct 22 20:08:38 2018 GM to Jan 20 20:08:38 2019 GM
Nov 30 16:08:46 *	* Cipher info:
Nov 30 16:08:46 *	  Version: TLSv1/SSLv3, cipher ECDHE-RSA-AES256-GCM-SHA384 (256 bits)
Nov 30 16:08:46 *	Connected. Now logging in.
Nov 30 16:08:46 *	*** Looking up your hostname...
Nov 30 16:08:46 *	*** Checking Ident
Nov 30 16:08:46 *	*** Couldn't look up your hostname
Nov 30 16:08:46 *	*** No Ident response
Nov 30 16:08:46 *	Capabilities supported: away-notify chghost invite-notify multi-prefix sasl userhost-in-names
Nov 30 16:08:46 *	Capabilities requested: away-notify chghost multi-prefix userhost-in-names 
Nov 30 16:08:46 *	Capabilities acknowledged: away-notify chghost multi-prefix userhost-in-names
Nov 30 16:08:46 *	*** Connected securely via TLSv1.2 ECDHE-RSA-AES256-GCM-SHA384-256
Nov 30 16:08:46 *	*** Your host is masked (7CF97D89.5314D4F0.4A2F84BB.IP)
**** ENDING LOGGING AT Fri Nov 30 16:08:46 2018

**** BEGIN LOGGING AT Sat Dec  1 19:19:49 2018

Dec 01 19:19:49 Lua version 1.3/5.1 loaded.
Dec 01 19:19:49 Update Checker plugin loaded
Dec 01 19:19:50 *	Looking up irc.rizon.net
Dec 01 19:19:50 *	Connecting to jxi34c5xmuc4asew2dmzscacfeh4co565quwbpc5y4.map.rizon.net (104.199.196.3:6697)
Dec 01 19:19:51 *	* Subject: /O=Digital Signature Trust Co./CN=DST Root CA X3
Dec 01 19:19:51 *	* Issuer: /O=Digital Signature Trust Co./CN=DST Root CA X3
Dec 01 19:19:51 *	* Subject: /C=US/O=Let's Encrypt/CN=Let's Encrypt Authority X3
Dec 01 19:19:51 *	* Issuer: /O=Digital Signature Trust Co./CN=DST Root CA X3
Dec 01 19:19:51 *	* Subject: /CN=irc.rizon.net
Dec 01 19:19:51 *	* Issuer: /C=US/O=Let's Encrypt/CN=Let's Encrypt Authority X3
Dec 01 19:19:51 *	* Certification info:
Dec 01 19:19:52 *	  Subject:
Dec 01 19:19:52 *	    CN=irc.rizon.net
Dec 01 19:19:52 *	  Issuer:
Dec 01 19:19:52 *	    C=US
Dec 01 19:19:52 *	    O=Let's Encrypt
Dec 01 19:19:52 *	    CN=Let's Encrypt Authority X3
Dec 01 19:19:52 *	  Public key algorithm: rsaEncryption (4096 bits)
Dec 01 19:19:52 *	  Sign algorithm sha256WithRSAEncryption
Dec 01 19:19:52 *	  Valid since Oct 22 20:03:06 2018 GM to Jan 20 20:03:06 2019 GM
Dec 01 19:19:52 *	* Cipher info:
Dec 01 19:19:52 *	  Version: TLSv1/SSLv3, cipher ECDHE-RSA-AES256-GCM-SHA384 (256 bits)
Dec 01 19:19:52 *	Connected. Now logging in.
Dec 01 19:19:52 *	*** Looking up your hostname...
Dec 01 19:19:52 *	*** Couldn't look up your hostname
Dec 01 19:19:52 *	Capabilities supported: away-notify chghost invite-notify multi-prefix sasl userhost-in-names
Dec 01 19:19:52 *	Capabilities requested: away-notify chghost multi-prefix userhost-in-names 
Dec 01 19:19:52 *	Capabilities acknowledged: away-notify chghost multi-prefix userhost-in-names
Dec 01 19:19:52 *	*** Connected securely via TLSv1.2 ECDHE-RSA-AES256-GCM-SHA384-256
Dec 01 19:19:52 *	*** Your host is masked (89F3E195.A248CB85.39EE6454.IP)
**** ENDING LOGGING AT Sat Dec  1 19:19:52 2018

