**** BEGIN LOGGING AT Fri Nov  9 16:32:02 2018

Nov 09 16:32:02 *	*** Looking up your hostname...
Nov 09 16:32:02 *	*** Checking Ident
Nov 09 16:32:02 *	*** Couldn't look up your hostname
Nov 09 16:32:03 *	*** No Ident response
Nov 09 16:32:03 *	Capabilities supported: away-notify chghost invite-notify multi-prefix sasl userhost-in-names
Nov 09 16:32:03 *	Capabilities requested: away-notify chghost multi-prefix userhost-in-names 
Nov 09 16:32:03 *	Capabilities acknowledged: away-notify chghost multi-prefix userhost-in-names
Nov 09 16:32:03 *	*** Connected securely via TLSv1.2 ECDHE-RSA-AES256-GCM-SHA384-256
Nov 09 16:32:03 *	*** Your host is masked (89F3E195.A248CB85.39EE6454.IP)
**** ENDING LOGGING AT Fri Nov  9 16:32:03 2018

**** BEGIN LOGGING AT Fri Nov  9 16:32:03 2018

Nov 09 16:32:03 *	Welcome to the Rizon Internet Relay Chat Network zeruel11
Nov 09 16:32:03 *	Your host is irc.losslessone.com, running version plexus-4(hybrid-8.1.20)
Nov 09 16:32:03 *	This server was created Sep 14 2017 at 19:49:00
Nov 09 16:32:03 *	irc.losslessone.com plexus-4(hybrid-8.1.20) CDGNRSUWagilopqrswxyz BCIMNORSabcehiklmnopqstvz Iabehkloqv
Nov 09 16:32:03 *	CALLERID CASEMAPPING=rfc1459 DEAF=D KICKLEN=180 MODES=4 PREFIX=(qaohv)~&@%+ STATUSMSG=~&@%+ EXCEPTS=e INVEX=I NICKLEN=30 NETWORK=Rizon MAXLIST=beI:250 MAXTARGETS=4 :are supported by this server
Nov 09 16:32:03 *	CHANTYPES=# CHANLIMIT=#:250 CHANNELLEN=50 TOPICLEN=390 CHANMODES=beI,k,l,BCMNORScimnpstz NAMESX UHNAMES KNOCK WATCH=60 AWAYLEN=180 ELIST=CMNTU SAFELIST :are supported by this server
Nov 09 16:32:03 *	There are 21 users and 13441 invisible on 20 servers
Nov 09 16:32:03 *	62 :IRC Operators online
Nov 09 16:32:03 *	2 :unknown connection(s)
Nov 09 16:32:03 *	11225 :channels formed
Nov 09 16:32:03 *	I have 13462 clients and 20 servers
Nov 09 16:32:03 *	Current local users: 13462  Max: 19744
Nov 09 16:32:03 *	Current global users: 13462  Max: 19744
Nov 09 16:32:03 *	- irc.losslessone.com Message of the Day - 
Nov 09 16:32:03 *	-          oo                            
Nov 09 16:32:03 *	- 
Nov 09 16:32:03 *	- 88d888b. dP d888888b .d8888b. 88d888b. 
Nov 09 16:32:03 *	- 88'  `88 88    .d8P' 88'  `88 88'  `88 
Nov 09 16:32:03 *	- 88       88  .Y8P    88.  .88 88    88 
Nov 09 16:32:03 *	- dP       dP d888888P `88888P' dP    dP
Nov 09 16:32:03 *	- 
Nov 09 16:32:03 *	- Rizon Chat Network -- http://rizon.net
Nov 09 16:32:03 *	- 
Nov 09 16:32:03 *	- Listening on ports: 6660 - 6669, 7000. SSL: 6697, 9999
Nov 09 16:32:03 *	- 
Nov 09 16:32:03 *	- Rules:
Nov 09 16:32:03 *	- o No spamming or flooding
Nov 09 16:32:03 *	- o No clones or malicious bots
Nov 09 16:32:03 *	- o No takeovers
Nov 09 16:32:03 *	- o No distribution of child pornography
Nov 09 16:32:03 *	- o Clients must respond to VERSION requests
Nov 09 16:32:03 *	- o Rizon staff may disconnect clients for any or no reason
Nov 09 16:32:03 *	- 
Nov 09 16:32:03 *	- First steps:
Nov 09 16:32:03 *	- o To register your nick: /msg NickServ HELP
Nov 09 16:32:03 *	- o To register your channel: /msg ChanServ HELP
Nov 09 16:32:03 *	- o To get a vHost: /msg HostServ HELP REQUEST
Nov 09 16:32:03 *	- o For other help with Rizon: /join #help
Nov 09 16:32:03 *	- 
Nov 09 16:32:03 *	- Usage of this network is a privilege, not a right. Rizon is a
Nov 09 16:32:03 *	- transit provider, therefore no person or entity involved with
Nov 09 16:32:03 *	- *.rizon.net or irc.losslessone.com takes any responsibility for
Nov 09 16:32:03 *	- users' actions. Absolutely no warranty is expressed or implied.
Nov 09 16:32:03 *	End of /MOTD command.
Nov 09 16:32:03 *	zeruel11 sets mode +S on zeruel11
Nov 09 16:32:03 *	zeruel11 sets mode +i on zeruel11
Nov 09 16:32:03 *	zeruel11 sets mode +x on zeruel11
Nov 09 16:32:03 -Global-	[Logon News - May 21 2011] First time on Rizon? Be sure to read the FAQ! http://s.rizon.net/FAQ
Nov 09 16:32:03 -Global-	[Logon News - Dec 16 2013] Own a large/active channel or plan to get one going? Please read http://s.rizon.net/authline
Nov 09 16:32:03 -Global-	[Random News - May 07 2013] Looking for a quotes, trivia, or other extra bots? /msg funserv help
**** BEGIN LOGGING AT Thu Nov 29 17:22:33 2018

Nov 29 17:22:33 *	Welcome to the Rizon Internet Relay Chat Network zeruel11
Nov 29 17:22:33 *	Your host is irc.rizon.rocks, running version plexus-4(hybrid-8.1.20)
Nov 29 17:22:33 *	This server was created Sep 14 2017 at 19:51:05
Nov 29 17:22:33 *	irc.rizon.rocks plexus-4(hybrid-8.1.20) CDGNRSUWagilopqrswxyz BCIMNORSabcehiklmnopqstvz Iabehkloqv
Nov 29 17:22:34 *	CALLERID CASEMAPPING=rfc1459 DEAF=D KICKLEN=180 MODES=4 PREFIX=(qaohv)~&@%+ STATUSMSG=~&@%+ EXCEPTS=e INVEX=I NICKLEN=30 NETWORK=Rizon MAXLIST=beI:250 MAXTARGETS=4 :are supported by this server
Nov 29 17:22:34 *	CHANTYPES=# CHANLIMIT=#:250 CHANNELLEN=50 TOPICLEN=390 CHANMODES=beI,k,l,BCMNORScimnpstz KNOCK NAMESX UHNAMES WATCH=60 AWAYLEN=180 ELIST=CMNTU SAFELIST :are supported by this server
Nov 29 17:22:34 *	There are 25 users and 13924 invisible on 20 servers
Nov 29 17:22:34 *	64 :IRC Operators online
Nov 29 17:22:34 *	11202 :channels formed
Nov 29 17:22:34 *	I have 13949 clients and 20 servers
Nov 29 17:22:34 *	Current local users: 13949  Max: 15564
Nov 29 17:22:34 *	Current global users: 13949  Max: 15564
Nov 29 17:22:34 *	- irc.rizon.rocks Message of the Day - 
Nov 29 17:22:34 *	- Welcome to irc.rizon.rocks
Nov 29 17:22:34 *	- 
Nov 29 17:22:34 *	-         Now it's time for **UPDATED** conversational spanish with grimlock
Nov 29 17:22:34 *	- 
Nov 29 17:22:34 *	-    Las ardillas. Me persiguen. Quieren mis nueces pero no pueden tenerlas.
Nov 29 17:22:34 *	- 
Nov 29 17:22:34 *	-    no habla? the squirrels. they chase me. they want my nuts but they
Nov 29 17:22:34 *	-    can not have them.
Nov 29 17:22:34 *	- 
Nov 29 17:22:34 *	-    El gato en mis pantalones, quiere mi burrito. Pero el no puede
Nov 29 17:22:34 *	-    tenerlo. No compartire con el.
Nov 29 17:22:34 *	- 
Nov 29 17:22:34 *	-    Still no habla? the cat in my pants, he wants my burrito. But he can
Nov 29 17:22:34 *	-    not have it. I will not share with him.
Nov 29 17:22:34 *	- 
Nov 29 17:22:34 *	-    Por que el perro que lame mis bolas? Debo de haber banado en mantequilla
Nov 29 17:22:34 *	-    de mani de nuevo ...
Nov 29 17:22:34 *	- 
Nov 29 17:22:34 *	-    Really!?!? No habla?! You really need to work on your spanglish skills..
Nov 29 17:22:34 *	-    Why is the dog licking my balls? I must have bathed in peanut butter
Nov 29 17:22:34 *	-    again...
Nov 29 17:22:34 *	- 
Nov 29 17:22:34 *	-    Cuando salgo de la peluqueria despues de tener mi espalda afeitado, me
Nov 29 17:22:34 *	-    doy cuenta de que seria mucho mas barato tener un rebano de cabras.
Nov 29 17:22:34 *	- 
Nov 29 17:22:34 *	-    You really need to sign up for my formal spanish lessons.  I can teach
Nov 29 17:22:34 *	-    many more useful phrases!  When I leave the barber after having
Nov 29 17:22:34 *	-    my back shaved, I realize it would be much cheaper to own a herd of goats.
Nov 29 17:22:34 *	- 
Nov 29 17:22:34 *	-    Usted dice que el tomate, digo que me gusta la leche con chocolate y
Nov 29 17:22:34 *	-    panecillos. Has visto a mi cepillo de dientes?
Nov 29 17:22:34 *	- 
Nov 29 17:22:34 *	-    My lesson rates are very reasonable!  I can teach you to splanglish like
Nov 29 17:22:34 *	-    I do!  You say tomato, I say I like chocolate milk and bagels.  Have you
Nov 29 17:22:34 *	-    seen my toothbrush?
Nov 29 17:22:34 *	- 
Nov 29 17:22:34 *	-         This has been conversational spanish with grimlock, time for
Nov 29 17:22:34 *	-         something more serious.
Nov 29 17:22:34 *	- 
Nov 29 17:22:34 *	- 
Nov 29 17:22:34 *	-          oo                            
Nov 29 17:22:34 *	- 
Nov 29 17:22:34 *	- 88d888b. dP d888888b .d8888b. 88d888b. 
Nov 29 17:22:34 *	- 88'  `88 88    .d8P' 88'  `88 88'  `88 
Nov 29 17:22:34 *	- 88       88  .Y8P    88.  .88 88    88 
Nov 29 17:22:34 *	- dP       dP d888888P `88888P' dP    dP
Nov 29 17:22:34 *	- 
Nov 29 17:22:34 *	- Rizon Chat Network -- http://rizon.net
Nov 29 17:22:34 *	- 
Nov 29 17:22:34 *	- Listening on ports: 6660 - 6669, 7000. SSL: 6697, 9999
Nov 29 17:22:34 *	- 
Nov 29 17:22:34 *	- Rules:
Nov 29 17:22:34 *	- o No spamming or flooding
Nov 29 17:22:34 *	- o No clones or malicious bots
Nov 29 17:22:34 *	- o No takeovers
Nov 29 17:22:34 *	- o No distribution of child pornography
Nov 29 17:22:34 *	- o Clients must respond to VERSION requests
Nov 29 17:22:34 *	- o Rizon staff may disconnect clients for any or no reason
Nov 29 17:22:34 *	- 
Nov 29 17:22:34 *	- First steps:
Nov 29 17:22:34 *	- o To register your nick: /msg NickServ HELP
Nov 29 17:22:34 *	- o To register your channel: /msg ChanServ HELP
Nov 29 17:22:34 *	- o To get a vHost: /msg HostServ HELP REQUEST
Nov 29 17:22:34 *	- o For other help with Rizon: /join #help
Nov 29 17:22:34 *	- 
Nov 29 17:22:34 *	- Usage of this network is a privilege, not a right. Rizon is a
Nov 29 17:22:34 *	- transit provider, therefore no person or entity involved with
Nov 29 17:22:34 *	- *.rizon.net or irc.rizon.rocks takes any responsibility for
Nov 29 17:22:34 *	- users' actions. Absolutely no warranty is expressed or implied.
Nov 29 17:22:34 *	End of /MOTD command.
Nov 29 17:22:34 *	zeruel11 sets mode +S on zeruel11
Nov 29 17:22:34 *	zeruel11 sets mode +i on zeruel11
Nov 29 17:22:34 *	zeruel11 sets mode +x on zeruel11
Nov 29 17:22:34 -Global-	[Logon News - May 21 2011] First time on Rizon? Be sure to read the FAQ! http://s.rizon.net/FAQ
Nov 29 17:22:34 -Global-	[Logon News - Dec 16 2013] Own a large/active channel or plan to get one going? Please read http://s.rizon.net/authline
Nov 29 17:22:34 -Global-	[Random News - May 07 2013] Looking for a quotes, trivia, or other extra bots? /msg funserv help
Nov 29 17:22:34 *	Received a CTCP VERSION from py-ctcp
Nov 29 21:12:21 *	#vivid :You need to login to services to join or speak in that channel.
Nov 29 21:12:24 *	#vivid :You need to login to services to join or speak in that channel.
Nov 29 21:21:34 *	#shinsen-radio :You need to login to services to join or speak in that channel.
Nov 29 21:21:38 *	#shinsen-radio :You need to login to services to join or speak in that channel.
Nov 29 21:23:33 *	#nyaa-dev :You need to login to services to join or speak in that channel.
Nov 29 21:23:35 *	#nyaa-dev :You need to login to services to join or speak in that channel.
Nov 29 23:31:19 Update Checker plugin unloaded
**** ENDING LOGGING AT Thu Nov 29 23:31:20 2018

**** BEGIN LOGGING AT Thu Nov 29 23:31:36 2018

Nov 29 23:31:36 *	Welcome to the Rizon Internet Relay Chat Network zeruel11
Nov 29 23:31:36 *	Your host is irc.rizon.rocks, running version plexus-4(hybrid-8.1.20)
Nov 29 23:31:36 *	This server was created Sep 14 2017 at 19:51:05
Nov 29 23:31:36 *	irc.rizon.rocks plexus-4(hybrid-8.1.20) CDGNRSUWagilopqrswxyz BCIMNORSabcehiklmnopqstvz Iabehkloqv
Nov 29 23:31:36 *	CALLERID CASEMAPPING=rfc1459 DEAF=D KICKLEN=180 MODES=4 PREFIX=(qaohv)~&@%+ STATUSMSG=~&@%+ EXCEPTS=e INVEX=I NICKLEN=30 NETWORK=Rizon MAXLIST=beI:250 MAXTARGETS=4 :are supported by this server
Nov 29 23:31:36 *	CHANTYPES=# CHANLIMIT=#:250 CHANNELLEN=50 TOPICLEN=390 CHANMODES=beI,k,l,BCMNORScimnpstz KNOCK NAMESX UHNAMES WATCH=60 AWAYLEN=180 ELIST=CMNTU SAFELIST :are supported by this server
Nov 29 23:31:36 *	There are 25 users and 14417 invisible on 20 servers
Nov 29 23:31:36 *	64 :IRC Operators online
Nov 29 23:31:36 *	11214 :channels formed
Nov 29 23:31:36 *	I have 14442 clients and 20 servers
Nov 29 23:31:36 *	Current local users: 14442  Max: 15564
Nov 29 23:31:36 *	Current global users: 14442  Max: 15564
Nov 29 23:31:36 *	- irc.rizon.rocks Message of the Day - 
Nov 29 23:31:36 *	- Welcome to irc.rizon.rocks
Nov 29 23:31:36 *	- 
Nov 29 23:31:36 *	-         Now it's time for **UPDATED** conversational spanish with grimlock
Nov 29 23:31:36 *	- 
Nov 29 23:31:36 *	-    Las ardillas. Me persiguen. Quieren mis nueces pero no pueden tenerlas.
Nov 29 23:31:36 *	- 
Nov 29 23:31:36 *	-    no habla? the squirrels. they chase me. they want my nuts but they
Nov 29 23:31:36 *	-    can not have them.
Nov 29 23:31:36 *	- 
Nov 29 23:31:36 *	-    El gato en mis pantalones, quiere mi burrito. Pero el no puede
Nov 29 23:31:36 *	-    tenerlo. No compartire con el.
Nov 29 23:31:36 *	- 
Nov 29 23:31:36 *	-    Still no habla? the cat in my pants, he wants my burrito. But he can
Nov 29 23:31:36 *	-    not have it. I will not share with him.
Nov 29 23:31:36 *	- 
Nov 29 23:31:36 *	-    Por que el perro que lame mis bolas? Debo de haber banado en mantequilla
Nov 29 23:31:36 *	-    de mani de nuevo ...
Nov 29 23:31:36 *	- 
Nov 29 23:31:36 *	-    Really!?!? No habla?! You really need to work on your spanglish skills..
Nov 29 23:31:36 *	-    Why is the dog licking my balls? I must have bathed in peanut butter
Nov 29 23:31:36 *	-    again...
Nov 29 23:31:36 *	- 
Nov 29 23:31:36 *	-    Cuando salgo de la peluqueria despues de tener mi espalda afeitado, me
Nov 29 23:31:36 *	-    doy cuenta de que seria mucho mas barato tener un rebano de cabras.
Nov 29 23:31:36 *	- 
Nov 29 23:31:36 *	-    You really need to sign up for my formal spanish lessons.  I can teach
Nov 29 23:31:36 *	-    many more useful phrases!  When I leave the barber after having
Nov 29 23:31:36 *	-    my back shaved, I realize it would be much cheaper to own a herd of goats.
Nov 29 23:31:36 *	- 
Nov 29 23:31:36 *	-    Usted dice que el tomate, digo que me gusta la leche con chocolate y
Nov 29 23:31:36 *	-    panecillos. Has visto a mi cepillo de dientes?
Nov 29 23:31:36 *	- 
Nov 29 23:31:36 *	-    My lesson rates are very reasonable!  I can teach you to splanglish like
Nov 29 23:31:36 *	-    I do!  You say tomato, I say I like chocolate milk and bagels.  Have you
Nov 29 23:31:36 *	-    seen my toothbrush?
Nov 29 23:31:36 *	- 
Nov 29 23:31:36 *	-         This has been conversational spanish with grimlock, time for
Nov 29 23:31:36 *	-         something more serious.
Nov 29 23:31:36 *	- 
Nov 29 23:31:36 *	- 
Nov 29 23:31:36 *	-          oo                            
Nov 29 23:31:36 *	- 
Nov 29 23:31:36 *	- 88d888b. dP d888888b .d8888b. 88d888b. 
Nov 29 23:31:36 *	- 88'  `88 88    .d8P' 88'  `88 88'  `88 
Nov 29 23:31:36 *	- 88       88  .Y8P    88.  .88 88    88 
Nov 29 23:31:36 *	- dP       dP d888888P `88888P' dP    dP
Nov 29 23:31:36 *	- 
Nov 29 23:31:36 *	- Rizon Chat Network -- http://rizon.net
Nov 29 23:31:36 *	- 
Nov 29 23:31:36 *	- Listening on ports: 6660 - 6669, 7000. SSL: 6697, 9999
Nov 29 23:31:36 *	- 
Nov 29 23:31:36 *	- Rules:
Nov 29 23:31:36 *	- o No spamming or flooding
Nov 29 23:31:36 *	- o No clones or malicious bots
Nov 29 23:31:36 *	- o No takeovers
Nov 29 23:31:36 *	- o No distribution of child pornography
Nov 29 23:31:36 *	- o Clients must respond to VERSION requests
Nov 29 23:31:36 *	- o Rizon staff may disconnect clients for any or no reason
Nov 29 23:31:36 *	- 
Nov 29 23:31:36 *	- First steps:
Nov 29 23:31:36 *	- o To register your nick: /msg NickServ HELP
Nov 29 23:31:36 *	- o To register your channel: /msg ChanServ HELP
Nov 29 23:31:36 *	- o To get a vHost: /msg HostServ HELP REQUEST
Nov 29 23:31:36 *	- o For other help with Rizon: /join #help
Nov 29 23:31:36 *	- 
Nov 29 23:31:36 *	- Usage of this network is a privilege, not a right. Rizon is a
Nov 29 23:31:36 *	- transit provider, therefore no person or entity involved with
Nov 29 23:31:36 *	- *.rizon.net or irc.rizon.rocks takes any responsibility for
Nov 29 23:31:36 *	- users' actions. Absolutely no warranty is expressed or implied.
Nov 29 23:31:36 *	End of /MOTD command.
Nov 29 23:31:36 *	zeruel11 sets mode +S on zeruel11
Nov 29 23:31:36 *	zeruel11 sets mode +i on zeruel11
Nov 29 23:31:36 *	zeruel11 sets mode +x on zeruel11
Nov 29 23:31:36 -Global-	[Logon News - May 21 2011] First time on Rizon? Be sure to read the FAQ! http://s.rizon.net/FAQ
Nov 29 23:31:36 -Global-	[Logon News - Dec 16 2013] Own a large/active channel or plan to get one going? Please read http://s.rizon.net/authline
Nov 29 23:31:36 -Global-	[Random News - May 07 2013] Looking for a quotes, trivia, or other extra bots? /msg funserv help
Nov 29 23:31:37 *	Received a CTCP VERSION from py-ctcp
Nov 29 23:31:47 Update Checker plugin unloaded
**** ENDING LOGGING AT Thu Nov 29 23:31:48 2018

**** BEGIN LOGGING AT Fri Nov 30 16:08:46 2018

Nov 30 16:08:46 *	Welcome to the Rizon Internet Relay Chat Network zeruel11
Nov 30 16:08:46 *	Your host is irc.losslessone.com, running version plexus-4(hybrid-8.1.20)
Nov 30 16:08:46 *	This server was created Sep 14 2017 at 19:49:00
Nov 30 16:08:46 *	irc.losslessone.com plexus-4(hybrid-8.1.20) CDGNRSUWagilopqrswxyz BCIMNORSabcehiklmnopqstvz Iabehkloqv
Nov 30 16:08:46 *	CALLERID CASEMAPPING=rfc1459 DEAF=D KICKLEN=180 MODES=4 PREFIX=(qaohv)~&@%+ STATUSMSG=~&@%+ EXCEPTS=e INVEX=I NICKLEN=30 NETWORK=Rizon MAXLIST=beI:250 MAXTARGETS=4 :are supported by this server
Nov 30 16:08:46 *	CHANTYPES=# CHANLIMIT=#:250 CHANNELLEN=50 TOPICLEN=390 CHANMODES=beI,k,l,BCMNORScimnpstz NAMESX UHNAMES KNOCK WATCH=60 AWAYLEN=180 ELIST=CMNTU SAFELIST :are supported by this server
Nov 30 16:08:46 *	There are 23 users and 14001 invisible on 20 servers
Nov 30 16:08:46 *	63 :IRC Operators online
Nov 30 16:08:46 *	11110 :channels formed
Nov 30 16:08:46 *	I have 14024 clients and 20 servers
Nov 30 16:08:46 *	Current local users: 14024  Max: 19744
Nov 30 16:08:46 *	Current global users: 14024  Max: 19744
Nov 30 16:08:46 *	- irc.losslessone.com Message of the Day - 
Nov 30 16:08:46 *	-          oo                            
Nov 30 16:08:46 *	- 
Nov 30 16:08:46 *	- 88d888b. dP d888888b .d8888b. 88d888b. 
Nov 30 16:08:46 *	- 88'  `88 88    .d8P' 88'  `88 88'  `88 
Nov 30 16:08:46 *	- 88       88  .Y8P    88.  .88 88    88 
Nov 30 16:08:46 *	- dP       dP d888888P `88888P' dP    dP
Nov 30 16:08:46 *	- 
Nov 30 16:08:46 *	- Rizon Chat Network -- http://rizon.net
Nov 30 16:08:46 *	- 
Nov 30 16:08:46 *	- Listening on ports: 6660 - 6669, 7000. SSL: 6697, 9999
Nov 30 16:08:46 *	- 
Nov 30 16:08:46 *	- Rules:
Nov 30 16:08:46 *	- o No spamming or flooding
Nov 30 16:08:46 *	- o No clones or malicious bots
Nov 30 16:08:46 *	- o No takeovers
Nov 30 16:08:46 *	- o No distribution of child pornography
Nov 30 16:08:46 *	- o Clients must respond to VERSION requests
Nov 30 16:08:46 *	- o Rizon staff may disconnect clients for any or no reason
Nov 30 16:08:46 *	- 
Nov 30 16:08:46 *	- First steps:
Nov 30 16:08:46 *	- o To register your nick: /msg NickServ HELP
Nov 30 16:08:46 *	- o To register your channel: /msg ChanServ HELP
Nov 30 16:08:46 *	- o To get a vHost: /msg HostServ HELP REQUEST
Nov 30 16:08:46 *	- o For other help with Rizon: /join #help
Nov 30 16:08:46 *	- 
Nov 30 16:08:46 *	- Usage of this network is a privilege, not a right. Rizon is a
Nov 30 16:08:46 *	- transit provider, therefore no person or entity involved with
Nov 30 16:08:46 *	- *.rizon.net or irc.losslessone.com takes any responsibility for
Nov 30 16:08:46 *	- users' actions. Absolutely no warranty is expressed or implied.
Nov 30 16:08:46 *	End of /MOTD command.
Nov 30 16:08:46 *	zeruel11 sets mode +S on zeruel11
Nov 30 16:08:46 *	zeruel11 sets mode +i on zeruel11
Nov 30 16:08:46 *	zeruel11 sets mode +x on zeruel11
Nov 30 16:08:47 -Global-	[Logon News - May 21 2011] First time on Rizon? Be sure to read the FAQ! http://s.rizon.net/FAQ
Nov 30 16:08:47 -Global-	[Logon News - Dec 16 2013] Own a large/active channel or plan to get one going? Please read http://s.rizon.net/authline
Nov 30 16:08:47 -Global-	[Random News - Mar 20 2009] Idle on Rizon a lot? Why not play our idlerpg game, you can check it out at #RizonIRPG for more information visit the website http://idlerpg.rizon.net -Rizon Staff
Nov 30 16:08:47 *	Received a CTCP VERSION from py-ctcp
Nov 30 20:38:07 Update Checker plugin unloaded
**** ENDING LOGGING AT Fri Nov 30 20:38:08 2018

**** BEGIN LOGGING AT Sat Dec  1 19:19:52 2018

Dec 01 19:19:52 *	Welcome to the Rizon Internet Relay Chat Network zeruel11
Dec 01 19:19:52 *	Your host is irc.rizon.rocks, running version plexus-4(hybrid-8.1.20)
Dec 01 19:19:52 *	This server was created Sep 14 2017 at 19:51:05
Dec 01 19:19:52 *	irc.rizon.rocks plexus-4(hybrid-8.1.20) CDGNRSUWagilopqrswxyz BCIMNORSabcehiklmnopqstvz Iabehkloqv
Dec 01 19:19:52 *	CALLERID CASEMAPPING=rfc1459 DEAF=D KICKLEN=180 MODES=4 PREFIX=(qaohv)~&@%+ STATUSMSG=~&@%+ EXCEPTS=e INVEX=I NICKLEN=30 NETWORK=Rizon MAXLIST=beI:250 MAXTARGETS=4 :are supported by this server
Dec 01 19:19:52 *	CHANTYPES=# CHANLIMIT=#:250 CHANNELLEN=50 TOPICLEN=390 CHANMODES=beI,k,l,BCMNORScimnpstz KNOCK NAMESX UHNAMES WATCH=60 AWAYLEN=180 ELIST=CMNTU SAFELIST :are supported by this server
Dec 01 19:19:52 *	There are 24 users and 14384 invisible on 20 servers
Dec 01 19:19:52 *	63 :IRC Operators online
Dec 01 19:19:52 *	1 :unknown connection(s)
Dec 01 19:19:52 *	11136 :channels formed
Dec 01 19:19:52 *	I have 14408 clients and 20 servers
Dec 01 19:19:52 *	Current local users: 14408  Max: 15564
Dec 01 19:19:52 *	Current global users: 14408  Max: 15564
Dec 01 19:19:52 *	- irc.rizon.rocks Message of the Day - 
Dec 01 19:19:52 *	- Welcome to irc.rizon.rocks
Dec 01 19:19:52 *	- 
Dec 01 19:19:52 *	-         Now it's time for **UPDATED** conversational spanish with grimlock
Dec 01 19:19:52 *	- 
Dec 01 19:19:52 *	-    Las ardillas. Me persiguen. Quieren mis nueces pero no pueden tenerlas.
Dec 01 19:19:52 *	- 
Dec 01 19:19:52 *	-    no habla? the squirrels. they chase me. they want my nuts but they
Dec 01 19:19:52 *	-    can not have them.
Dec 01 19:19:52 *	- 
Dec 01 19:19:52 *	-    El gato en mis pantalones, quiere mi burrito. Pero el no puede
Dec 01 19:19:52 *	-    tenerlo. No compartire con el.
Dec 01 19:19:52 *	- 
Dec 01 19:19:52 *	-    Still no habla? the cat in my pants, he wants my burrito. But he can
Dec 01 19:19:52 *	-    not have it. I will not share with him.
Dec 01 19:19:52 *	- 
Dec 01 19:19:52 *	-    Por que el perro que lame mis bolas? Debo de haber banado en mantequilla
Dec 01 19:19:52 *	-    de mani de nuevo ...
Dec 01 19:19:52 *	- 
Dec 01 19:19:52 *	-    Really!?!? No habla?! You really need to work on your spanglish skills..
Dec 01 19:19:52 *	-    Why is the dog licking my balls? I must have bathed in peanut butter
Dec 01 19:19:52 *	-    again...
Dec 01 19:19:52 *	- 
Dec 01 19:19:52 *	-    Cuando salgo de la peluqueria despues de tener mi espalda afeitado, me
Dec 01 19:19:52 *	-    doy cuenta de que seria mucho mas barato tener un rebano de cabras.
Dec 01 19:19:52 *	- 
Dec 01 19:19:52 *	-    You really need to sign up for my formal spanish lessons.  I can teach
Dec 01 19:19:52 *	-    many more useful phrases!  When I leave the barber after having
Dec 01 19:19:52 *	-    my back shaved, I realize it would be much cheaper to own a herd of goats.
Dec 01 19:19:52 *	- 
Dec 01 19:19:52 *	-    Usted dice que el tomate, digo que me gusta la leche con chocolate y
Dec 01 19:19:52 *	-    panecillos. Has visto a mi cepillo de dientes?
Dec 01 19:19:52 *	- 
Dec 01 19:19:52 *	-    My lesson rates are very reasonable!  I can teach you to splanglish like
Dec 01 19:19:52 *	-    I do!  You say tomato, I say I like chocolate milk and bagels.  Have you
Dec 01 19:19:52 *	-    seen my toothbrush?
Dec 01 19:19:52 *	- 
Dec 01 19:19:52 *	-         This has been conversational spanish with grimlock, time for
Dec 01 19:19:52 *	-         something more serious.
Dec 01 19:19:52 *	- 
Dec 01 19:19:52 *	- 
Dec 01 19:19:52 *	-          oo                            
Dec 01 19:19:52 *	- 
Dec 01 19:19:52 *	- 88d888b. dP d888888b .d8888b. 88d888b. 
Dec 01 19:19:52 *	- 88'  `88 88    .d8P' 88'  `88 88'  `88 
Dec 01 19:19:52 *	- 88       88  .Y8P    88.  .88 88    88 
Dec 01 19:19:52 *	- dP       dP d888888P `88888P' dP    dP
Dec 01 19:19:52 *	- 
Dec 01 19:19:52 *	- Rizon Chat Network -- http://rizon.net
Dec 01 19:19:52 *	- 
Dec 01 19:19:52 *	- Listening on ports: 6660 - 6669, 7000. SSL: 6697, 9999
Dec 01 19:19:52 *	- 
Dec 01 19:19:52 *	- Rules:
Dec 01 19:19:52 *	- o No spamming or flooding
Dec 01 19:19:52 *	- o No clones or malicious bots
Dec 01 19:19:52 *	- o No takeovers
Dec 01 19:19:52 *	- o No distribution of child pornography
Dec 01 19:19:52 *	- o Clients must respond to VERSION requests
Dec 01 19:19:52 *	- o Rizon staff may disconnect clients for any or no reason
Dec 01 19:19:52 *	- 
Dec 01 19:19:52 *	- First steps:
Dec 01 19:19:52 *	- o To register your nick: /msg NickServ HELP
Dec 01 19:19:52 *	- o To register your channel: /msg ChanServ HELP
Dec 01 19:19:52 *	- o To get a vHost: /msg HostServ HELP REQUEST
Dec 01 19:19:52 *	- o For other help with Rizon: /join #help
Dec 01 19:19:52 *	- 
Dec 01 19:19:52 *	- Usage of this network is a privilege, not a right. Rizon is a
Dec 01 19:19:52 *	- transit provider, therefore no person or entity involved with
Dec 01 19:19:52 *	- *.rizon.net or irc.rizon.rocks takes any responsibility for
Dec 01 19:19:52 *	- users' actions. Absolutely no warranty is expressed or implied.
Dec 01 19:19:52 *	End of /MOTD command.
Dec 01 19:19:52 *	zeruel11 sets mode +S on zeruel11
Dec 01 19:19:52 *	zeruel11 sets mode +i on zeruel11
Dec 01 19:19:52 *	zeruel11 sets mode +x on zeruel11
Dec 01 19:19:52 -Global-	[Logon News - May 21 2011] First time on Rizon? Be sure to read the FAQ! http://s.rizon.net/FAQ
Dec 01 19:19:52 -Global-	[Logon News - Dec 16 2013] Own a large/active channel or plan to get one going? Please read http://s.rizon.net/authline
Dec 01 19:19:52 -Global-	[Random News - Mar 20 2009] Idle on Rizon a lot? Why not play our idlerpg game, you can check it out at #RizonIRPG for more information visit the website http://idlerpg.rizon.net -Rizon Staff
Dec 01 19:19:53 *	Received a CTCP VERSION from py-ctcp
Dec 02 03:43:07 *	Disconnected (No such device or address)
Dec 02 03:43:17 *	Looking up irc.rizon.net
Dec 02 03:43:17 *	Connecting to 6gkmeqdhcti46zlh7rlnrn34zt7xh23n5m7j6gl5aq.map.rizon.net (52.193.79.145:6697)
Dec 02 03:43:18 *	* Subject: /O=Digital Signature Trust Co./CN=DST Root CA X3
Dec 02 03:43:18 *	* Issuer: /O=Digital Signature Trust Co./CN=DST Root CA X3
Dec 02 03:43:18 *	* Subject: /C=US/O=Let's Encrypt/CN=Let's Encrypt Authority X3
Dec 02 03:43:18 *	* Issuer: /O=Digital Signature Trust Co./CN=DST Root CA X3
Dec 02 03:43:18 *	* Subject: /CN=irc.rizon.net
Dec 02 03:43:18 *	* Issuer: /C=US/O=Let's Encrypt/CN=Let's Encrypt Authority X3
Dec 02 03:43:19 *	* Certification info:
Dec 02 03:43:19 *	  Subject:
Dec 02 03:43:19 *	    CN=irc.rizon.net
Dec 02 03:43:19 *	  Issuer:
Dec 02 03:43:19 *	    C=US
Dec 02 03:43:19 *	    O=Let's Encrypt
Dec 02 03:43:19 *	    CN=Let's Encrypt Authority X3
Dec 02 03:43:19 *	  Public key algorithm: rsaEncryption (4096 bits)
Dec 02 03:43:19 *	  Sign algorithm sha256WithRSAEncryption
Dec 02 03:43:19 *	  Valid since Oct 22 20:08:38 2018 GM to Jan 20 20:08:38 2019 GM
Dec 02 03:43:19 *	* Cipher info:
Dec 02 03:43:19 *	  Version: TLSv1/SSLv3, cipher ECDHE-RSA-AES256-GCM-SHA384 (256 bits)
Dec 02 03:43:19 *	Connected. Now logging in.
Dec 02 03:43:19 *	*** Looking up your hostname...
Dec 02 03:43:19 *	*** Checking Ident
Dec 02 03:43:19 *	*** No Ident response
Dec 02 03:43:19 *	*** Couldn't look up your hostname
Dec 02 03:43:19 *	Capabilities supported: away-notify chghost invite-notify multi-prefix sasl userhost-in-names
Dec 02 03:43:19 *	Capabilities requested: away-notify chghost multi-prefix userhost-in-names 
Dec 02 03:43:19 *	Capabilities acknowledged: away-notify chghost multi-prefix userhost-in-names
Dec 02 03:43:20 *	*** Connected securely via TLSv1.2 ECDHE-RSA-AES256-GCM-SHA384-256
Dec 02 03:43:20 *	*** Your host is masked (587D7F25.A248CB85.39EE6454.IP)
Dec 02 03:43:20 *	Welcome to the Rizon Internet Relay Chat Network zeruel11_
Dec 02 03:43:20 *	Your host is irc.losslessone.com, running version plexus-4(hybrid-8.1.20)
Dec 02 03:43:20 *	This server was created Sep 14 2017 at 19:49:00
Dec 02 03:43:20 *	irc.losslessone.com plexus-4(hybrid-8.1.20) CDGNRSUWagilopqrswxyz BCIMNORSabcehiklmnopqstvz Iabehkloqv
Dec 02 03:43:20 *	CALLERID CASEMAPPING=rfc1459 DEAF=D KICKLEN=180 MODES=4 PREFIX=(qaohv)~&@%+ STATUSMSG=~&@%+ EXCEPTS=e INVEX=I NICKLEN=30 NETWORK=Rizon MAXLIST=beI:250 MAXTARGETS=4 :are supported by this server
Dec 02 03:43:20 *	CHANTYPES=# CHANLIMIT=#:250 CHANNELLEN=50 TOPICLEN=390 CHANMODES=beI,k,l,BCMNORScimnpstz NAMESX UHNAMES KNOCK WATCH=60 AWAYLEN=180 ELIST=CMNTU SAFELIST :are supported by this server
Dec 02 03:43:20 *	There are 24 users and 15253 invisible on 20 servers
Dec 02 03:43:20 *	63 :IRC Operators online
Dec 02 03:43:20 *	1 :unknown connection(s)
Dec 02 03:43:20 *	11203 :channels formed
Dec 02 03:43:20 *	I have 15277 clients and 20 servers
Dec 02 03:43:20 *	Current local users: 15277  Max: 19744
Dec 02 03:43:20 *	Current global users: 15277  Max: 19744
Dec 02 03:43:20 *	- irc.losslessone.com Message of the Day - 
Dec 02 03:43:20 *	-          oo                            
Dec 02 03:43:20 *	- 
Dec 02 03:43:20 *	- 88d888b. dP d888888b .d8888b. 88d888b. 
Dec 02 03:43:20 *	- 88'  `88 88    .d8P' 88'  `88 88'  `88 
Dec 02 03:43:20 *	- 88       88  .Y8P    88.  .88 88    88 
Dec 02 03:43:20 *	- dP       dP d888888P `88888P' dP    dP
Dec 02 03:43:20 *	- 
Dec 02 03:43:20 *	- Rizon Chat Network -- http://rizon.net
Dec 02 03:43:20 *	- 
Dec 02 03:43:20 *	- Listening on ports: 6660 - 6669, 7000. SSL: 6697, 9999
Dec 02 03:43:20 *	- 
Dec 02 03:43:20 *	- Rules:
Dec 02 03:43:20 *	- o No spamming or flooding
Dec 02 03:43:20 *	- o No clones or malicious bots
Dec 02 03:43:20 *	- o No takeovers
Dec 02 03:43:20 *	- o No distribution of child pornography
Dec 02 03:43:20 *	- o Clients must respond to VERSION requests
Dec 02 03:43:20 *	- o Rizon staff may disconnect clients for any or no reason
Dec 02 03:43:20 *	- 
Dec 02 03:43:20 *	- First steps:
Dec 02 03:43:20 *	- o To register your nick: /msg NickServ HELP
Dec 02 03:43:20 *	- o To register your channel: /msg ChanServ HELP
Dec 02 03:43:20 *	- o To get a vHost: /msg HostServ HELP REQUEST
Dec 02 03:43:20 *	- o For other help with Rizon: /join #help
Dec 02 03:43:20 *	- 
Dec 02 03:43:20 *	- Usage of this network is a privilege, not a right. Rizon is a
Dec 02 03:43:20 *	- transit provider, therefore no person or entity involved with
Dec 02 03:43:20 *	- *.rizon.net or irc.losslessone.com takes any responsibility for
Dec 02 03:43:20 *	- users' actions. Absolutely no warranty is expressed or implied.
Dec 02 03:43:20 *	End of /MOTD command.
Dec 02 07:52:36 Update Checker plugin unloaded
**** ENDING LOGGING AT Sun Dec  2 07:52:37 2018

**** BEGIN LOGGING AT Mon Dec  3 13:26:12 2018

Dec 03 13:26:13 *	Welcome to the Rizon Internet Relay Chat Network zeruel11
Dec 03 13:26:13 *	Your host is irc.rizon.rocks, running version plexus-4(hybrid-8.1.20)
Dec 03 13:26:13 *	This server was created Sep 14 2017 at 19:51:05
Dec 03 13:26:13 *	irc.rizon.rocks plexus-4(hybrid-8.1.20) CDGNRSUWagilopqrswxyz BCIMNORSabcehiklmnopqstvz Iabehkloqv
Dec 03 13:26:13 *	CALLERID CASEMAPPING=rfc1459 DEAF=D KICKLEN=180 MODES=4 PREFIX=(qaohv)~&@%+ STATUSMSG=~&@%+ EXCEPTS=e INVEX=I NICKLEN=30 NETWORK=Rizon MAXLIST=beI:250 MAXTARGETS=4 :are supported by this server
Dec 03 13:26:13 *	CHANTYPES=# CHANLIMIT=#:250 CHANNELLEN=50 TOPICLEN=390 CHANMODES=beI,k,l,BCMNORScimnpstz KNOCK NAMESX UHNAMES WATCH=60 AWAYLEN=180 ELIST=CMNTU SAFELIST :are supported by this server
Dec 03 13:26:13 *	There are 24 users and 14182 invisible on 20 servers
Dec 03 13:26:13 *	63 :IRC Operators online
Dec 03 13:26:13 *	1 :unknown connection(s)
Dec 03 13:26:13 *	11113 :channels formed
Dec 03 13:26:13 *	I have 14206 clients and 20 servers
Dec 03 13:26:13 *	Current local users: 14206  Max: 15564
Dec 03 13:26:13 *	Current global users: 14206  Max: 15564
Dec 03 13:26:13 *	- irc.rizon.rocks Message of the Day - 
Dec 03 13:26:13 *	- Welcome to irc.rizon.rocks
Dec 03 13:26:13 *	- 
Dec 03 13:26:13 *	-         Now it's time for **UPDATED** conversational spanish with grimlock
Dec 03 13:26:13 *	- 
Dec 03 13:26:13 *	-    Las ardillas. Me persiguen. Quieren mis nueces pero no pueden tenerlas.
Dec 03 13:26:13 *	- 
Dec 03 13:26:13 *	-    no habla? the squirrels. they chase me. they want my nuts but they
Dec 03 13:26:13 *	-    can not have them.
Dec 03 13:26:13 *	- 
Dec 03 13:26:13 *	-    El gato en mis pantalones, quiere mi burrito. Pero el no puede
Dec 03 13:26:13 *	-    tenerlo. No compartire con el.
Dec 03 13:26:13 *	- 
Dec 03 13:26:13 *	-    Still no habla? the cat in my pants, he wants my burrito. But he can
Dec 03 13:26:13 *	-    not have it. I will not share with him.
Dec 03 13:26:13 *	- 
Dec 03 13:26:13 *	-    Por que el perro que lame mis bolas? Debo de haber banado en mantequilla
Dec 03 13:26:13 *	-    de mani de nuevo ...
Dec 03 13:26:13 *	- 
Dec 03 13:26:13 *	-    Really!?!? No habla?! You really need to work on your spanglish skills..
Dec 03 13:26:13 *	-    Why is the dog licking my balls? I must have bathed in peanut butter
Dec 03 13:26:13 *	-    again...
Dec 03 13:26:13 *	- 
Dec 03 13:26:13 *	-    Cuando salgo de la peluqueria despues de tener mi espalda afeitado, me
Dec 03 13:26:13 *	-    doy cuenta de que seria mucho mas barato tener un rebano de cabras.
Dec 03 13:26:13 *	- 
Dec 03 13:26:13 *	-    You really need to sign up for my formal spanish lessons.  I can teach
Dec 03 13:26:13 *	-    many more useful phrases!  When I leave the barber after having
Dec 03 13:26:13 *	-    my back shaved, I realize it would be much cheaper to own a herd of goats.
Dec 03 13:26:13 *	- 
Dec 03 13:26:13 *	-    Usted dice que el tomate, digo que me gusta la leche con chocolate y
Dec 03 13:26:13 *	-    panecillos. Has visto a mi cepillo de dientes?
Dec 03 13:26:13 *	- 
Dec 03 13:26:13 *	-    My lesson rates are very reasonable!  I can teach you to splanglish like
Dec 03 13:26:13 *	-    I do!  You say tomato, I say I like chocolate milk and bagels.  Have you
Dec 03 13:26:13 *	-    seen my toothbrush?
Dec 03 13:26:13 *	- 
Dec 03 13:26:13 *	-         This has been conversational spanish with grimlock, time for
Dec 03 13:26:13 *	-         something more serious.
Dec 03 13:26:13 *	- 
Dec 03 13:26:13 *	- 
Dec 03 13:26:13 *	-          oo                            
Dec 03 13:26:13 *	- 
Dec 03 13:26:13 *	- 88d888b. dP d888888b .d8888b. 88d888b. 
Dec 03 13:26:13 *	- 88'  `88 88    .d8P' 88'  `88 88'  `88 
Dec 03 13:26:13 *	- 88       88  .Y8P    88.  .88 88    88 
Dec 03 13:26:13 *	- dP       dP d888888P `88888P' dP    dP
Dec 03 13:26:13 *	- 
Dec 03 13:26:13 *	- Rizon Chat Network -- http://rizon.net
Dec 03 13:26:13 *	- 
Dec 03 13:26:13 *	- Listening on ports: 6660 - 6669, 7000. SSL: 6697, 9999
Dec 03 13:26:13 *	- 
Dec 03 13:26:13 *	- Rules:
Dec 03 13:26:13 *	- o No spamming or flooding
Dec 03 13:26:13 *	- o No clones or malicious bots
Dec 03 13:26:13 *	- o No takeovers
Dec 03 13:26:13 *	- o No distribution of child pornography
Dec 03 13:26:13 *	- o Clients must respond to VERSION requests
Dec 03 13:26:13 *	- o Rizon staff may disconnect clients for any or no reason
Dec 03 13:26:13 *	- 
Dec 03 13:26:13 *	- First steps:
Dec 03 13:26:13 *	- o To register your nick: /msg NickServ HELP
Dec 03 13:26:13 *	- o To register your channel: /msg ChanServ HELP
Dec 03 13:26:13 *	- o To get a vHost: /msg HostServ HELP REQUEST
Dec 03 13:26:13 *	- o For other help with Rizon: /join #help
Dec 03 13:26:13 *	- 
Dec 03 13:26:13 *	- Usage of this network is a privilege, not a right. Rizon is a
Dec 03 13:26:13 *	- transit provider, therefore no person or entity involved with
Dec 03 13:26:13 *	- *.rizon.net or irc.rizon.rocks takes any responsibility for
Dec 03 13:26:13 *	- users' actions. Absolutely no warranty is expressed or implied.
Dec 03 13:26:13 *	End of /MOTD command.
Dec 03 13:26:13 *	zeruel11 sets mode +S on zeruel11
Dec 03 13:26:13 *	zeruel11 sets mode +i on zeruel11
Dec 03 13:26:13 *	zeruel11 sets mode +x on zeruel11
Dec 03 13:26:13 -Global-	[Logon News - May 21 2011] First time on Rizon? Be sure to read the FAQ! http://s.rizon.net/FAQ
Dec 03 13:26:13 -Global-	[Logon News - Dec 16 2013] Own a large/active channel or plan to get one going? Please read http://s.rizon.net/authline
Dec 03 13:26:13 -Global-	[Random News - Nov 29 2013] Want to make your vhost shiny by adding colors to it? Try your luck in #VIzon
Dec 03 13:26:13 *	Received a CTCP VERSION from py-ctcp
Dec 03 22:02:37 Update Checker plugin unloaded
**** ENDING LOGGING AT Mon Dec  3 22:02:38 2018

**** BEGIN LOGGING AT Mon Dec 10 13:03:24 2018

Dec 10 13:03:24 *	Welcome to the Rizon Internet Relay Chat Network zeruel11
Dec 10 13:03:24 *	Your host is irc.losslessone.com, running version plexus-4(hybrid-8.1.20)
Dec 10 13:03:24 *	This server was created Sep 14 2017 at 19:49:00
Dec 10 13:03:24 *	irc.losslessone.com plexus-4(hybrid-8.1.20) CDGNRSUWagilopqrswxyz BCIMNORSabcehiklmnopqstvz Iabehkloqv
Dec 10 13:03:24 *	CALLERID CASEMAPPING=rfc1459 DEAF=D KICKLEN=180 MODES=4 PREFIX=(qaohv)~&@%+ STATUSMSG=~&@%+ EXCEPTS=e INVEX=I NICKLEN=30 NETWORK=Rizon MAXLIST=beI:250 MAXTARGETS=4 :are supported by this server
Dec 10 13:03:24 *	CHANTYPES=# CHANLIMIT=#:250 CHANNELLEN=50 TOPICLEN=390 CHANMODES=beI,k,l,BCMNORScimnpstz NAMESX UHNAMES KNOCK WATCH=60 AWAYLEN=180 ELIST=CMNTU SAFELIST :are supported by this server
Dec 10 13:03:24 *	There are 23 users and 14188 invisible on 20 servers
Dec 10 13:03:24 *	64 :IRC Operators online
Dec 10 13:03:24 *	1 :unknown connection(s)
Dec 10 13:03:24 *	11222 :channels formed
Dec 10 13:03:24 *	I have 14211 clients and 20 servers
Dec 10 13:03:24 *	Current local users: 14211  Max: 19744
Dec 10 13:03:24 *	Current global users: 14211  Max: 19744
Dec 10 13:03:24 *	- irc.losslessone.com Message of the Day - 
Dec 10 13:03:24 *	-          oo                            
Dec 10 13:03:24 *	- 
Dec 10 13:03:24 *	- 88d888b. dP d888888b .d8888b. 88d888b. 
Dec 10 13:03:24 *	- 88'  `88 88    .d8P' 88'  `88 88'  `88 
Dec 10 13:03:24 *	- 88       88  .Y8P    88.  .88 88    88 
Dec 10 13:03:24 *	- dP       dP d888888P `88888P' dP    dP
Dec 10 13:03:24 *	- 
Dec 10 13:03:24 *	- Rizon Chat Network -- http://rizon.net
Dec 10 13:03:24 *	- 
Dec 10 13:03:24 *	- Listening on ports: 6660 - 6669, 7000. SSL: 6697, 9999
Dec 10 13:03:24 *	- 
Dec 10 13:03:24 *	- Rules:
Dec 10 13:03:24 *	- o No spamming or flooding
Dec 10 13:03:24 *	- o No clones or malicious bots
Dec 10 13:03:24 *	- o No takeovers
Dec 10 13:03:24 *	- o No distribution of child pornography
Dec 10 13:03:24 *	- o Clients must respond to VERSION requests
Dec 10 13:03:24 *	- o Rizon staff may disconnect clients for any or no reason
Dec 10 13:03:24 *	- 
Dec 10 13:03:24 *	- First steps:
Dec 10 13:03:24 *	- o To register your nick: /msg NickServ HELP
Dec 10 13:03:24 *	- o To register your channel: /msg ChanServ HELP
Dec 10 13:03:24 *	- o To get a vHost: /msg HostServ HELP REQUEST
Dec 10 13:03:24 *	- o For other help with Rizon: /join #help
Dec 10 13:03:24 *	- 
Dec 10 13:03:24 *	- Usage of this network is a privilege, not a right. Rizon is a
Dec 10 13:03:24 *	- transit provider, therefore no person or entity involved with
Dec 10 13:03:24 *	- *.rizon.net or irc.losslessone.com takes any responsibility for
Dec 10 13:03:24 *	- users' actions. Absolutely no warranty is expressed or implied.
Dec 10 13:03:24 *	End of /MOTD command.
Dec 10 13:03:24 *	zeruel11 sets mode +S on zeruel11
Dec 10 13:03:24 *	zeruel11 sets mode +i on zeruel11
Dec 10 13:03:24 *	zeruel11 sets mode +x on zeruel11
Dec 10 13:03:25 -Global-	[Logon News - May 21 2011] First time on Rizon? Be sure to read the FAQ! http://s.rizon.net/FAQ
Dec 10 13:03:25 -Global-	[Logon News - Dec 16 2013] Own a large/active channel or plan to get one going? Please read http://s.rizon.net/authline
Dec 10 13:03:25 -Global-	[Random News - Nov 29 2013] Want to make your vhost shiny by adding colors to it? Try your luck in #VIzon
Dec 10 13:03:25 *	Received a CTCP VERSION from py-ctcp
Dec 10 20:44:46 Update Checker plugin unloaded
**** ENDING LOGGING AT Mon Dec 10 20:44:46 2018

**** BEGIN LOGGING AT Tue Dec 11 13:12:56 2018

Dec 11 13:12:56 *	Welcome to the Rizon Internet Relay Chat Network zeruel11
Dec 11 13:12:56 *	Your host is irc.rizon.rocks, running version plexus-4(hybrid-8.1.20)
Dec 11 13:12:56 *	This server was created Sep 14 2017 at 19:51:05
Dec 11 13:12:56 *	irc.rizon.rocks plexus-4(hybrid-8.1.20) CDGNRSUWagilopqrswxyz BCIMNORSabcehiklmnopqstvz Iabehkloqv
Dec 11 13:12:56 *	CALLERID CASEMAPPING=rfc1459 DEAF=D KICKLEN=180 MODES=4 PREFIX=(qaohv)~&@%+ STATUSMSG=~&@%+ EXCEPTS=e INVEX=I NICKLEN=30 NETWORK=Rizon MAXLIST=beI:250 MAXTARGETS=4 :are supported by this server
Dec 11 13:12:56 *	CHANTYPES=# CHANLIMIT=#:250 CHANNELLEN=50 TOPICLEN=390 CHANMODES=beI,k,l,BCMNORScimnpstz KNOCK NAMESX UHNAMES WATCH=60 AWAYLEN=180 ELIST=CMNTU SAFELIST :are supported by this server
Dec 11 13:12:56 *	There are 24 users and 14186 invisible on 20 servers
Dec 11 13:12:56 *	65 :IRC Operators online
Dec 11 13:12:56 *	1 :unknown connection(s)
Dec 11 13:12:56 *	10970 :channels formed
Dec 11 13:12:56 *	I have 14210 clients and 20 servers
Dec 11 13:12:56 *	Current local users: 14210  Max: 15564
Dec 11 13:12:56 *	Current global users: 14210  Max: 15564
Dec 11 13:12:56 *	- irc.rizon.rocks Message of the Day - 
Dec 11 13:12:56 *	- Welcome to irc.rizon.rocks
Dec 11 13:12:56 *	- 
Dec 11 13:12:56 *	-         Now it's time for **UPDATED** conversational spanish with grimlock
Dec 11 13:12:56 *	- 
Dec 11 13:12:56 *	-    Las ardillas. Me persiguen. Quieren mis nueces pero no pueden tenerlas.
Dec 11 13:12:56 *	- 
Dec 11 13:12:56 *	-    no habla? the squirrels. they chase me. they want my nuts but they
Dec 11 13:12:56 *	-    can not have them.
Dec 11 13:12:56 *	- 
Dec 11 13:12:56 *	-    El gato en mis pantalones, quiere mi burrito. Pero el no puede
Dec 11 13:12:56 *	-    tenerlo. No compartire con el.
Dec 11 13:12:56 *	- 
Dec 11 13:12:56 *	-    Still no habla? the cat in my pants, he wants my burrito. But he can
Dec 11 13:12:56 *	-    not have it. I will not share with him.
Dec 11 13:12:56 *	- 
Dec 11 13:12:56 *	-    Por que el perro que lame mis bolas? Debo de haber banado en mantequilla
Dec 11 13:12:56 *	-    de mani de nuevo ...
Dec 11 13:12:56 *	- 
Dec 11 13:12:56 *	-    Really!?!? No habla?! You really need to work on your spanglish skills..
Dec 11 13:12:56 *	-    Why is the dog licking my balls? I must have bathed in peanut butter
Dec 11 13:12:56 *	-    again...
Dec 11 13:12:56 *	- 
Dec 11 13:12:56 *	-    Cuando salgo de la peluqueria despues de tener mi espalda afeitado, me
Dec 11 13:12:56 *	-    doy cuenta de que seria mucho mas barato tener un rebano de cabras.
Dec 11 13:12:56 *	- 
Dec 11 13:12:56 *	-    You really need to sign up for my formal spanish lessons.  I can teach
Dec 11 13:12:56 *	-    many more useful phrases!  When I leave the barber after having
Dec 11 13:12:56 *	-    my back shaved, I realize it would be much cheaper to own a herd of goats.
Dec 11 13:12:56 *	- 
Dec 11 13:12:56 *	-    Usted dice que el tomate, digo que me gusta la leche con chocolate y
Dec 11 13:12:56 *	-    panecillos. Has visto a mi cepillo de dientes?
Dec 11 13:12:56 *	- 
Dec 11 13:12:56 *	-    My lesson rates are very reasonable!  I can teach you to splanglish like
Dec 11 13:12:56 *	-    I do!  You say tomato, I say I like chocolate milk and bagels.  Have you
Dec 11 13:12:56 *	-    seen my toothbrush?
Dec 11 13:12:56 *	- 
Dec 11 13:12:56 *	-         This has been conversational spanish with grimlock, time for
Dec 11 13:12:56 *	-         something more serious.
Dec 11 13:12:56 *	- 
Dec 11 13:12:56 *	- 
Dec 11 13:12:56 *	-          oo                            
Dec 11 13:12:56 *	- 
Dec 11 13:12:56 *	- 88d888b. dP d888888b .d8888b. 88d888b. 
Dec 11 13:12:56 *	- 88'  `88 88    .d8P' 88'  `88 88'  `88 
Dec 11 13:12:56 *	- 88       88  .Y8P    88.  .88 88    88 
Dec 11 13:12:56 *	- dP       dP d888888P `88888P' dP    dP
Dec 11 13:12:56 *	- 
Dec 11 13:12:56 *	- Rizon Chat Network -- http://rizon.net
Dec 11 13:12:56 *	- 
Dec 11 13:12:56 *	- Listening on ports: 6660 - 6669, 7000. SSL: 6697, 9999
Dec 11 13:12:56 *	- 
Dec 11 13:12:56 *	- Rules:
Dec 11 13:12:56 *	- o No spamming or flooding
Dec 11 13:12:56 *	- o No clones or malicious bots
Dec 11 13:12:56 *	- o No takeovers
Dec 11 13:12:56 *	- o No distribution of child pornography
Dec 11 13:12:56 *	- o Clients must respond to VERSION requests
Dec 11 13:12:56 *	- o Rizon staff may disconnect clients for any or no reason
Dec 11 13:12:56 *	- 
Dec 11 13:12:56 *	- First steps:
Dec 11 13:12:56 *	- o To register your nick: /msg NickServ HELP
Dec 11 13:12:56 *	- o To register your channel: /msg ChanServ HELP
Dec 11 13:12:56 *	- o To get a vHost: /msg HostServ HELP REQUEST
Dec 11 13:12:56 *	- o For other help with Rizon: /join #help
Dec 11 13:12:56 *	- 
Dec 11 13:12:56 *	- Usage of this network is a privilege, not a right. Rizon is a
Dec 11 13:12:56 *	- transit provider, therefore no person or entity involved with
Dec 11 13:12:56 *	- *.rizon.net or irc.rizon.rocks takes any responsibility for
Dec 11 13:12:56 *	- users' actions. Absolutely no warranty is expressed or implied.
Dec 11 13:12:56 *	End of /MOTD command.
Dec 11 13:12:56 *	zeruel11 sets mode +S on zeruel11
Dec 11 13:12:56 *	zeruel11 sets mode +i on zeruel11
Dec 11 13:12:56 *	zeruel11 sets mode +x on zeruel11
Dec 11 13:12:57 -Global-	[Logon News - May 21 2011] First time on Rizon? Be sure to read the FAQ! http://s.rizon.net/FAQ
Dec 11 13:12:57 -Global-	[Logon News - Dec 16 2013] Own a large/active channel or plan to get one going? Please read http://s.rizon.net/authline
Dec 11 13:12:57 -Global-	[Random News - Mar 20 2009] Idle on Rizon a lot? Why not play our idlerpg game, you can check it out at #RizonIRPG for more information visit the website http://idlerpg.rizon.net -Rizon Staff
Dec 11 13:12:57 *	Received a CTCP VERSION from py-ctcp
Dec 11 20:47:59 Update Checker plugin unloaded
**** ENDING LOGGING AT Tue Dec 11 20:47:59 2018

**** BEGIN LOGGING AT Wed Dec 19 21:17:01 2018

Dec 19 21:17:01 *	Welcome to the Rizon Internet Relay Chat Network zeruel11
Dec 19 21:17:01 *	Your host is irc.losslessone.com, running version plexus-4(hybrid-8.1.20)
Dec 19 21:17:01 *	This server was created Dec 17 2018 at 23:48:00
Dec 19 21:17:01 *	irc.losslessone.com plexus-4(hybrid-8.1.20) CDGNRSUWagilopqrswxyz BCIMNORSabcehiklmnopqstvz Iabehkloqv
Dec 19 21:17:01 *	CALLERID CASEMAPPING=rfc1459 DEAF=D KICKLEN=180 MODES=4 PREFIX=(qaohv)~&@%+ STATUSMSG=~&@%+ EXCEPTS=e INVEX=I NICKLEN=30 NETWORK=Rizon MAXLIST=beI:250 MAXTARGETS=4 :are supported by this server
Dec 19 21:17:01 *	CHANTYPES=# CHANLIMIT=#:250 CHANNELLEN=50 TOPICLEN=390 CHANMODES=beI,k,l,BCMNORScimnpstz NAMESX UHNAMES KNOCK WATCH=60 AWAYLEN=180 ELIST=CMNTU SAFELIST :are supported by this server
Dec 19 21:17:01 *	There are 23 users and 13955 invisible on 19 servers
Dec 19 21:17:01 *	65 :IRC Operators online
Dec 19 21:17:01 *	1 :unknown connection(s)
Dec 19 21:17:01 *	10841 :channels formed
Dec 19 21:17:01 *	I have 13978 clients and 19 servers
Dec 19 21:17:01 *	Current local users: 13978  Max: 19744
Dec 19 21:17:01 *	Current global users: 13978  Max: 19744
Dec 19 21:17:01 *	- irc.losslessone.com Message of the Day - 
Dec 19 21:17:01 *	-          oo                            
Dec 19 21:17:01 *	- 
Dec 19 21:17:01 *	- 88d888b. dP d888888b .d8888b. 88d888b. 
Dec 19 21:17:01 *	- 88'  `88 88    .d8P' 88'  `88 88'  `88 
Dec 19 21:17:01 *	- 88       88  .Y8P    88.  .88 88    88 
Dec 19 21:17:01 *	- dP       dP d888888P `88888P' dP    dP
Dec 19 21:17:01 *	- 
Dec 19 21:17:01 *	- Rizon Chat Network -- http://rizon.net
Dec 19 21:17:01 *	- 
Dec 19 21:17:01 *	- Listening on ports: 6660 - 6669, 7000. SSL: 6697, 9999
Dec 19 21:17:01 *	- 
Dec 19 21:17:01 *	- Rules:
Dec 19 21:17:01 *	- o No spamming or flooding
Dec 19 21:17:01 *	- o No clones or malicious bots
Dec 19 21:17:01 *	- o No takeovers
Dec 19 21:17:01 *	- o No distribution of child pornography
Dec 19 21:17:01 *	- o Clients must respond to VERSION requests
Dec 19 21:17:01 *	- o Rizon staff may disconnect clients for any or no reason
Dec 19 21:17:01 *	- 
Dec 19 21:17:01 *	- First steps:
Dec 19 21:17:01 *	- o To register your nick: /msg NickServ HELP
Dec 19 21:17:01 *	- o To register your channel: /msg ChanServ HELP
Dec 19 21:17:01 *	- o To get a vHost: /msg HostServ HELP REQUEST
Dec 19 21:17:01 *	- o For other help with Rizon: /join #help
Dec 19 21:17:01 *	- 
Dec 19 21:17:01 *	- Usage of this network is a privilege, not a right. Rizon is a
Dec 19 21:17:01 *	- transit provider, therefore no person or entity involved with
Dec 19 21:17:01 *	- *.rizon.net or irc.losslessone.com takes any responsibility for
Dec 19 21:17:01 *	- users' actions. Absolutely no warranty is expressed or implied.
Dec 19 21:17:01 *	End of /MOTD command.
Dec 19 21:17:01 *	zeruel11 sets mode +S on zeruel11
Dec 19 21:17:01 *	zeruel11 sets mode +i on zeruel11
Dec 19 21:17:01 *	zeruel11 sets mode +x on zeruel11
Dec 19 21:17:01 -Global-	[Logon News - May 21 2011] First time on Rizon? Be sure to read the FAQ! http://s.rizon.net/FAQ
Dec 19 21:17:01 -Global-	[Logon News - Dec 16 2013] Own a large/active channel or plan to get one going? Please read http://s.rizon.net/authline
Dec 19 21:17:01 -Global-	[Random News - May 07 2013] Looking for a quotes, trivia, or other extra bots? /msg funserv help
Dec 19 21:17:02 *	Received a CTCP VERSION from py-ctcp
Dec 19 21:23:03 Update Checker plugin unloaded
**** ENDING LOGGING AT Wed Dec 19 21:23:03 2018

